[0.000000] (-) TimerEvent: {}
[0.000216] (udemy_ros2_pkg) JobQueued: {'identifier': 'udemy_ros2_pkg', 'dependencies': OrderedDict()}
[0.000906] (udemy_ros2_pkg) JobStarted: {'identifier': 'udemy_ros2_pkg'}
[0.019138] (udemy_ros2_pkg) JobProgress: {'identifier': 'udemy_ros2_pkg', 'progress': 'cmake'}
[0.020727] (udemy_ros2_pkg) JobProgress: {'identifier': 'udemy_ros2_pkg', 'progress': 'build'}
[0.021814] (udemy_ros2_pkg) Command: {'cmd': ['/usr/bin/cmake', '--build', '/home/shivans/Workspaces/ros2_py_ws/build/udemy_ros2_pkg', '--', '-j8', '-l8'], 'cwd': '/home/shivans/Workspaces/ros2_py_ws/build/udemy_ros2_pkg', 'env': OrderedDict([('GJS_DEBUG_TOPICS', 'JS ERROR;JS LOG'), ('LESSOPEN', '| /usr/bin/lesspipe %s'), ('LANGUAGE', 'en_IN:en'), ('USER', 'shivans'), ('GIO_MODULE_DIR', '/home/shivans/snap/code/common/.cache/gio-modules'), ('XDG_SESSION_TYPE', 'wayland'), ('GIT_ASKPASS', '/snap/code/133/usr/share/code/resources/app/extensions/git/dist/askpass.sh'), ('GTK_EXE_PREFIX_VSCODE_SNAP_ORIG', ''), ('GDK_BACKEND_VSCODE_SNAP_ORIG', ''), ('SHLVL', '1'), ('LD_LIBRARY_PATH', '/opt/ros/humble/opt/rviz_ogre_vendor/lib:/opt/ros/humble/lib/x86_64-linux-gnu:/opt/ros/humble/lib'), ('HOME', '/home/shivans'), ('CHROME_DESKTOP', 'code-url-handler.desktop'), ('LOCPATH_VSCODE_SNAP_ORIG', ''), ('TERM_PROGRAM_VERSION', '1.80.0'), ('DESKTOP_SESSION', 'ubuntu'), ('GTK_PATH', '/snap/code/133/usr/lib/x86_64-linux-gnu/gtk-3.0'), ('GTK_IM_MODULE_FILE', '/home/shivans/snap/code/common/.cache/immodules/immodules.cache'), ('GIO_LAUNCHED_DESKTOP_FILE', '/var/lib/snapd/desktop/applications/code_code.desktop'), ('ROS_PYTHON_VERSION', '3'), ('GNOME_SHELL_SESSION_MODE', 'ubuntu'), ('GTK_MODULES', 'gail:atk-bridge'), ('GSETTINGS_SCHEMA_DIR_VSCODE_SNAP_ORIG', ''), ('VSCODE_GIT_ASKPASS_MAIN', '/snap/code/133/usr/share/code/resources/app/extensions/git/dist/askpass-main.js'), ('VSCODE_GIT_ASKPASS_NODE', '/snap/code/133/usr/share/code/code'), ('MANAGERPID', '1873'), ('SYSTEMD_EXEC_PID', '2082'), ('IM_CONFIG_CHECK_ENV', '1'), ('DBUS_SESSION_BUS_ADDRESS', 'unix:path=/run/user/1000/bus'), ('COLORTERM', 'truecolor'), ('GIO_LAUNCHED_DESKTOP_FILE_PID', '7453'), ('IM_CONFIG_PHASE', '1'), ('WAYLAND_DISPLAY', 'wayland-0'), ('ROS_DISTRO', 'humble'), ('LOGNAME', 'shivans'), ('JOURNAL_STREAM', '8:31492'), ('_', '/usr/bin/colcon'), ('ROS_VERSION', '2'), ('XDG_CONFIG_DIRS_VSCODE_SNAP_ORIG', '/etc/xdg/xdg-ubuntu:/etc/xdg'), ('XDG_SESSION_CLASS', 'user'), ('XDG_DATA_DIRS_VSCODE_SNAP_ORIG', '/usr/share/ubuntu:/usr/local/share/:/usr/share/:/var/lib/snapd/desktop'), ('USERNAME', 'shivans'), ('TERM', 'xterm-256color'), ('GNOME_DESKTOP_SESSION_ID', 'this-is-deprecated'), ('ROS_LOCALHOST_ONLY', '0'), ('PATH', '/home/shivans/.local/bin:/opt/ros/humble/bin:/home/shivans/.local/bin:/usr/local/sbin:/usr/local/bin:/usr/sbin:/usr/bin:/sbin:/bin:/usr/games:/usr/local/games:/snap/bin:/snap/bin'), ('SESSION_MANAGER', 'local/TheEagleVision:@/tmp/.ICE-unix/2053,unix/TheEagleVision:/tmp/.ICE-unix/2053'), ('GTK_EXE_PREFIX', '/snap/code/133/usr'), ('INVOCATION_ID', '3ffb44014abb43bb9ef7b450df5d42be'), ('XDG_MENU_PREFIX', 'gnome-'), ('BAMF_DESKTOP_FILE_HINT', '/var/lib/snapd/desktop/applications/code_code.desktop'), ('GNOME_SETUP_DISPLAY', ':1'), ('XDG_RUNTIME_DIR', '/run/user/1000'), ('GDK_BACKEND', 'x11'), ('DISPLAY', ':0'), ('LOCPATH', '/snap/code/133/usr/lib/locale'), ('LANG', 'en_US.UTF-8'), ('XDG_CURRENT_DESKTOP', 'Unity'), ('GIO_MODULE_DIR_VSCODE_SNAP_ORIG', ''), ('XMODIFIERS', '@im=ibus'), ('XDG_SESSION_DESKTOP', 'ubuntu'), ('XAUTHORITY', '/run/user/1000/.mutter-Xwaylandauth.VAFX71'), ('LS_COLORS', ''), ('VSCODE_GIT_IPC_HANDLE', '/run/user/1000/vscode-git-e4bcdd8129.sock'), ('TERM_PROGRAM', 'vscode'), ('SSH_AGENT_LAUNCHER', 'gnome-keyring'), ('SSH_AUTH_SOCK', '/run/user/1000/keyring/ssh'), ('GSETTINGS_SCHEMA_DIR', '/home/shivans/snap/code/133/.local/share/glib-2.0/schemas'), ('AMENT_PREFIX_PATH', '/opt/ros/humble'), ('ORIGINAL_XDG_CURRENT_DESKTOP', 'ubuntu:GNOME'), ('SHELL', '/bin/bash'), ('QT_ACCESSIBILITY', '1'), ('GDMSESSION', 'ubuntu'), ('LESSCLOSE', '/usr/bin/lesspipe %s %s'), ('GTK_PATH_VSCODE_SNAP_ORIG', ''), ('GTK_IM_MODULE_FILE_VSCODE_SNAP_ORIG', ''), ('GJS_DEBUG_OUTPUT', 'stderr'), ('VSCODE_GIT_ASKPASS_EXTRA_ARGS', '--ms-enable-electron-run-as-node'), ('QT_IM_MODULE', 'ibus'), ('PWD', '/home/shivans/Workspaces/ros2_py_ws/build/udemy_ros2_pkg'), ('LC_ALL', 'en_US.UTF-8'), ('XDG_CONFIG_DIRS', '/etc/xdg/xdg-ubuntu:/etc/xdg'), ('XDG_DATA_DIRS', '/home/shivans/snap/code/133/.local/share:/home/shivans/snap/code/133:/snap/code/133/usr/share:/usr/share/ubuntu:/usr/local/share/:/usr/share/:/var/lib/snapd/desktop'), ('PYTHONPATH', '/opt/ros/humble/lib/python3.10/site-packages:/opt/ros/humble/local/lib/python3.10/dist-packages'), ('COLCON', '1'), ('CMAKE_PREFIX_PATH', '/opt/ros/humble')]), 'shell': False}
[0.099882] (-) TimerEvent: {}
[0.165819] (udemy_ros2_pkg) StdoutLine: {'line': b'[  2%] Built target udemy_ros2_pkg__cpp\n'}
[0.171397] (udemy_ros2_pkg) StdoutLine: {'line': b'[  2%] Built target ament_cmake_python_symlink_scripts\n'}
[0.171655] (udemy_ros2_pkg) StdoutLine: {'line': b'[ 12%] Built target udemy_ros2_pkg__rosidl_generator_c\n'}
[0.171917] (udemy_ros2_pkg) StdoutLine: {'line': b'[ 12%] Built target ament_cmake_python_symlink_udemy_ros2_pkg\n'}
[0.195476] (udemy_ros2_pkg) StdoutLine: {'line': b'[ 23%] Built target udemy_ros2_pkg__rosidl_typesupport_cpp\n'}
[0.198235] (udemy_ros2_pkg) StdoutLine: {'line': b'[ 44%] Built target udemy_ros2_pkg__rosidl_typesupport_fastrtps_cpp\n'}
[0.198455] (udemy_ros2_pkg) StdoutLine: {'line': b'[ 44%] Built target udemy_ros2_pkg__rosidl_typesupport_introspection_cpp\n'}
[0.199965] (-) TimerEvent: {}
[0.200253] (udemy_ros2_pkg) StdoutLine: {'line': b'[ 55%] Built target udemy_ros2_pkg__rosidl_typesupport_fastrtps_c\n'}
[0.200498] (udemy_ros2_pkg) StdoutLine: {'line': b'[ 65%] Built target udemy_ros2_pkg__rosidl_typesupport_introspection_c\n'}
[0.208336] (udemy_ros2_pkg) StdoutLine: {'line': b'[ 76%] Built target udemy_ros2_pkg__rosidl_typesupport_c\n'}
[0.227330] (udemy_ros2_pkg) StdoutLine: {'line': b'[ 76%] Built target udemy_ros2_pkg\n'}
[0.243860] (udemy_ros2_pkg) StdoutLine: {'line': b'[ 78%] Built target udemy_ros2_pkg__py\n'}
[0.262742] (udemy_ros2_pkg) StdoutLine: {'line': b'[ 87%] Built target udemy_ros2_pkg__rosidl_generator_py\n'}
[0.284013] (udemy_ros2_pkg) StdoutLine: {'line': b'[ 91%] Built target udemy_ros2_pkg__rosidl_typesupport_fastrtps_c__pyext\n'}
[0.286232] (udemy_ros2_pkg) StdoutLine: {'line': b'[ 95%] Built target udemy_ros2_pkg__rosidl_typesupport_c__pyext\n'}
[0.289917] (udemy_ros2_pkg) StdoutLine: {'line': b'[100%] Built target udemy_ros2_pkg__rosidl_typesupport_introspection_c__pyext\n'}
[0.300069] (-) TimerEvent: {}
[0.400380] (-) TimerEvent: {}
[0.480597] (udemy_ros2_pkg) StdoutLine: {'line': b'running egg_info\n'}
[0.480800] (udemy_ros2_pkg) StdoutLine: {'line': b'running egg_info\n'}
[0.481667] (udemy_ros2_pkg) StdoutLine: {'line': b'writing scripts.egg-info/PKG-INFO\n'}
[0.481857] (udemy_ros2_pkg) StdoutLine: {'line': b'writing udemy_ros2_pkg.egg-info/PKG-INFO\n'}
[0.482048] (udemy_ros2_pkg) StdoutLine: {'line': b'writing dependency_links to scripts.egg-info/dependency_links.txt\n'}
[0.482223] (udemy_ros2_pkg) StdoutLine: {'line': b'writing dependency_links to udemy_ros2_pkg.egg-info/dependency_links.txt\n'}
[0.482439] (udemy_ros2_pkg) StdoutLine: {'line': b'writing top-level names to scripts.egg-info/top_level.txt\n'}
[0.482621] (udemy_ros2_pkg) StdoutLine: {'line': b'writing top-level names to udemy_ros2_pkg.egg-info/top_level.txt\n'}
[0.486517] (udemy_ros2_pkg) StdoutLine: {'line': b"reading manifest file 'scripts.egg-info/SOURCES.txt'\n"}
[0.486704] (udemy_ros2_pkg) StdoutLine: {'line': b"reading manifest file 'udemy_ros2_pkg.egg-info/SOURCES.txt'\n"}
[0.487610] (udemy_ros2_pkg) StdoutLine: {'line': b"writing manifest file 'scripts.egg-info/SOURCES.txt'\n"}
[0.487795] (udemy_ros2_pkg) StdoutLine: {'line': b"writing manifest file 'udemy_ros2_pkg.egg-info/SOURCES.txt'\n"}
[0.500606] (-) TimerEvent: {}
[0.531854] (udemy_ros2_pkg) StdoutLine: {'line': b'[100%] Built target ament_cmake_python_build_scripts_egg\n'}
[0.532366] (udemy_ros2_pkg) StdoutLine: {'line': b'[100%] Built target ament_cmake_python_build_udemy_ros2_pkg_egg\n'}
[0.541613] (udemy_ros2_pkg) CommandEnded: {'returncode': 0}
[0.600704] (-) TimerEvent: {}
[0.668005] (udemy_ros2_pkg) JobProgress: {'identifier': 'udemy_ros2_pkg', 'progress': 'install'}
[0.683777] (udemy_ros2_pkg) Command: {'cmd': ['/usr/bin/cmake', '--install', '/home/shivans/Workspaces/ros2_py_ws/build/udemy_ros2_pkg'], 'cwd': '/home/shivans/Workspaces/ros2_py_ws/build/udemy_ros2_pkg', 'env': OrderedDict([('GJS_DEBUG_TOPICS', 'JS ERROR;JS LOG'), ('LESSOPEN', '| /usr/bin/lesspipe %s'), ('LANGUAGE', 'en_IN:en'), ('USER', 'shivans'), ('GIO_MODULE_DIR', '/home/shivans/snap/code/common/.cache/gio-modules'), ('XDG_SESSION_TYPE', 'wayland'), ('GIT_ASKPASS', '/snap/code/133/usr/share/code/resources/app/extensions/git/dist/askpass.sh'), ('GTK_EXE_PREFIX_VSCODE_SNAP_ORIG', ''), ('GDK_BACKEND_VSCODE_SNAP_ORIG', ''), ('SHLVL', '1'), ('LD_LIBRARY_PATH', '/opt/ros/humble/opt/rviz_ogre_vendor/lib:/opt/ros/humble/lib/x86_64-linux-gnu:/opt/ros/humble/lib'), ('HOME', '/home/shivans'), ('CHROME_DESKTOP', 'code-url-handler.desktop'), ('LOCPATH_VSCODE_SNAP_ORIG', ''), ('TERM_PROGRAM_VERSION', '1.80.0'), ('DESKTOP_SESSION', 'ubuntu'), ('GTK_PATH', '/snap/code/133/usr/lib/x86_64-linux-gnu/gtk-3.0'), ('GTK_IM_MODULE_FILE', '/home/shivans/snap/code/common/.cache/immodules/immodules.cache'), ('GIO_LAUNCHED_DESKTOP_FILE', '/var/lib/snapd/desktop/applications/code_code.desktop'), ('ROS_PYTHON_VERSION', '3'), ('GNOME_SHELL_SESSION_MODE', 'ubuntu'), ('GTK_MODULES', 'gail:atk-bridge'), ('GSETTINGS_SCHEMA_DIR_VSCODE_SNAP_ORIG', ''), ('VSCODE_GIT_ASKPASS_MAIN', '/snap/code/133/usr/share/code/resources/app/extensions/git/dist/askpass-main.js'), ('VSCODE_GIT_ASKPASS_NODE', '/snap/code/133/usr/share/code/code'), ('MANAGERPID', '1873'), ('SYSTEMD_EXEC_PID', '2082'), ('IM_CONFIG_CHECK_ENV', '1'), ('DBUS_SESSION_BUS_ADDRESS', 'unix:path=/run/user/1000/bus'), ('COLORTERM', 'truecolor'), ('GIO_LAUNCHED_DESKTOP_FILE_PID', '7453'), ('IM_CONFIG_PHASE', '1'), ('WAYLAND_DISPLAY', 'wayland-0'), ('ROS_DISTRO', 'humble'), ('LOGNAME', 'shivans'), ('JOURNAL_STREAM', '8:31492'), ('_', '/usr/bin/colcon'), ('ROS_VERSION', '2'), ('XDG_CONFIG_DIRS_VSCODE_SNAP_ORIG', '/etc/xdg/xdg-ubuntu:/etc/xdg'), ('XDG_SESSION_CLASS', 'user'), ('XDG_DATA_DIRS_VSCODE_SNAP_ORIG', '/usr/share/ubuntu:/usr/local/share/:/usr/share/:/var/lib/snapd/desktop'), ('USERNAME', 'shivans'), ('TERM', 'xterm-256color'), ('GNOME_DESKTOP_SESSION_ID', 'this-is-deprecated'), ('ROS_LOCALHOST_ONLY', '0'), ('PATH', '/home/shivans/.local/bin:/opt/ros/humble/bin:/home/shivans/.local/bin:/usr/local/sbin:/usr/local/bin:/usr/sbin:/usr/bin:/sbin:/bin:/usr/games:/usr/local/games:/snap/bin:/snap/bin'), ('SESSION_MANAGER', 'local/TheEagleVision:@/tmp/.ICE-unix/2053,unix/TheEagleVision:/tmp/.ICE-unix/2053'), ('GTK_EXE_PREFIX', '/snap/code/133/usr'), ('INVOCATION_ID', '3ffb44014abb43bb9ef7b450df5d42be'), ('XDG_MENU_PREFIX', 'gnome-'), ('BAMF_DESKTOP_FILE_HINT', '/var/lib/snapd/desktop/applications/code_code.desktop'), ('GNOME_SETUP_DISPLAY', ':1'), ('XDG_RUNTIME_DIR', '/run/user/1000'), ('GDK_BACKEND', 'x11'), ('DISPLAY', ':0'), ('LOCPATH', '/snap/code/133/usr/lib/locale'), ('LANG', 'en_US.UTF-8'), ('XDG_CURRENT_DESKTOP', 'Unity'), ('GIO_MODULE_DIR_VSCODE_SNAP_ORIG', ''), ('XMODIFIERS', '@im=ibus'), ('XDG_SESSION_DESKTOP', 'ubuntu'), ('XAUTHORITY', '/run/user/1000/.mutter-Xwaylandauth.VAFX71'), ('LS_COLORS', ''), ('VSCODE_GIT_IPC_HANDLE', '/run/user/1000/vscode-git-e4bcdd8129.sock'), ('TERM_PROGRAM', 'vscode'), ('SSH_AGENT_LAUNCHER', 'gnome-keyring'), ('SSH_AUTH_SOCK', '/run/user/1000/keyring/ssh'), ('GSETTINGS_SCHEMA_DIR', '/home/shivans/snap/code/133/.local/share/glib-2.0/schemas'), ('AMENT_PREFIX_PATH', '/opt/ros/humble'), ('ORIGINAL_XDG_CURRENT_DESKTOP', 'ubuntu:GNOME'), ('SHELL', '/bin/bash'), ('QT_ACCESSIBILITY', '1'), ('GDMSESSION', 'ubuntu'), ('LESSCLOSE', '/usr/bin/lesspipe %s %s'), ('GTK_PATH_VSCODE_SNAP_ORIG', ''), ('GTK_IM_MODULE_FILE_VSCODE_SNAP_ORIG', ''), ('GJS_DEBUG_OUTPUT', 'stderr'), ('VSCODE_GIT_ASKPASS_EXTRA_ARGS', '--ms-enable-electron-run-as-node'), ('QT_IM_MODULE', 'ibus'), ('PWD', '/home/shivans/Workspaces/ros2_py_ws/build/udemy_ros2_pkg'), ('LC_ALL', 'en_US.UTF-8'), ('XDG_CONFIG_DIRS', '/etc/xdg/xdg-ubuntu:/etc/xdg'), ('XDG_DATA_DIRS', '/home/shivans/snap/code/133/.local/share:/home/shivans/snap/code/133:/snap/code/133/usr/share:/usr/share/ubuntu:/usr/local/share/:/usr/share/:/var/lib/snapd/desktop'), ('PYTHONPATH', '/opt/ros/humble/lib/python3.10/site-packages:/opt/ros/humble/local/lib/python3.10/dist-packages'), ('COLCON', '1'), ('CMAKE_PREFIX_PATH', '/opt/ros/humble')]), 'shell': False}
[0.694899] (udemy_ros2_pkg) StdoutLine: {'line': b'-- Install configuration: ""\n'}
[0.696766] (udemy_ros2_pkg) StdoutLine: {'line': b'-- Execute custom install script\n'}
[0.697343] (udemy_ros2_pkg) StdoutLine: {'line': b'-- Up-to-date symlink: /home/shivans/Workspaces/ros2_py_ws/install/udemy_ros2_pkg/share/ament_index/resource_index/rosidl_interfaces/udemy_ros2_pkg\n'}
[0.698352] (udemy_ros2_pkg) StdoutLine: {'line': b'-- Up-to-date symlink: /home/shivans/Workspaces/ros2_py_ws/install/udemy_ros2_pkg/include/udemy_ros2_pkg/udemy_ros2_pkg/action/detail/navigate__functions.h\n'}
[0.698633] (udemy_ros2_pkg) StdoutLine: {'line': b'-- Up-to-date symlink: /home/shivans/Workspaces/ros2_py_ws/install/udemy_ros2_pkg/include/udemy_ros2_pkg/udemy_ros2_pkg/action/detail/navigate__struct.h\n'}
[0.698901] (udemy_ros2_pkg) StdoutLine: {'line': b'-- Up-to-date symlink: /home/shivans/Workspaces/ros2_py_ws/install/udemy_ros2_pkg/include/udemy_ros2_pkg/udemy_ros2_pkg/action/detail/navigate__type_support.h\n'}
[0.699139] (udemy_ros2_pkg) StdoutLine: {'line': b'-- Up-to-date symlink: /home/shivans/Workspaces/ros2_py_ws/install/udemy_ros2_pkg/include/udemy_ros2_pkg/udemy_ros2_pkg/action/navigate.h\n'}
[0.699380] (udemy_ros2_pkg) StdoutLine: {'line': b'-- Up-to-date symlink: /home/shivans/Workspaces/ros2_py_ws/install/udemy_ros2_pkg/include/udemy_ros2_pkg/udemy_ros2_pkg/msg/rosidl_generator_c__visibility_control.h\n'}
[0.699619] (udemy_ros2_pkg) StdoutLine: {'line': b'-- Up-to-date symlink: /home/shivans/Workspaces/ros2_py_ws/install/udemy_ros2_pkg/include/udemy_ros2_pkg/udemy_ros2_pkg/srv/detail/odd_even_check__functions.h\n'}
[0.699854] (udemy_ros2_pkg) StdoutLine: {'line': b'-- Up-to-date symlink: /home/shivans/Workspaces/ros2_py_ws/install/udemy_ros2_pkg/include/udemy_ros2_pkg/udemy_ros2_pkg/srv/detail/odd_even_check__struct.h\n'}
[0.700090] (udemy_ros2_pkg) StdoutLine: {'line': b'-- Up-to-date symlink: /home/shivans/Workspaces/ros2_py_ws/install/udemy_ros2_pkg/include/udemy_ros2_pkg/udemy_ros2_pkg/srv/detail/odd_even_check__type_support.h\n'}
[0.700466] (udemy_ros2_pkg) StdoutLine: {'line': b'-- Up-to-date symlink: /home/shivans/Workspaces/ros2_py_ws/install/udemy_ros2_pkg/include/udemy_ros2_pkg/udemy_ros2_pkg/srv/detail/turn_camera__functions.h\n'}
[0.700691] (udemy_ros2_pkg) StdoutLine: {'line': b'-- Up-to-date symlink: /home/shivans/Workspaces/ros2_py_ws/install/udemy_ros2_pkg/include/udemy_ros2_pkg/udemy_ros2_pkg/srv/detail/turn_camera__struct.h\n'}
[0.700899] (-) TimerEvent: {}
[0.701118] (udemy_ros2_pkg) StdoutLine: {'line': b'-- Up-to-date symlink: /home/shivans/Workspaces/ros2_py_ws/install/udemy_ros2_pkg/include/udemy_ros2_pkg/udemy_ros2_pkg/srv/detail/turn_camera__type_support.h\n'}
[0.701331] (udemy_ros2_pkg) StdoutLine: {'line': b'-- Up-to-date symlink: /home/shivans/Workspaces/ros2_py_ws/install/udemy_ros2_pkg/include/udemy_ros2_pkg/udemy_ros2_pkg/srv/odd_even_check.h\n'}
[0.701532] (udemy_ros2_pkg) StdoutLine: {'line': b'-- Up-to-date symlink: /home/shivans/Workspaces/ros2_py_ws/install/udemy_ros2_pkg/include/udemy_ros2_pkg/udemy_ros2_pkg/srv/turn_camera.h\n'}
[0.702733] (udemy_ros2_pkg) StdoutLine: {'line': b'-- Up-to-date symlink: /home/shivans/Workspaces/ros2_py_ws/install/udemy_ros2_pkg/share/udemy_ros2_pkg/environment/library_path.sh\n'}
[0.702943] (udemy_ros2_pkg) StdoutLine: {'line': b'-- Up-to-date symlink: /home/shivans/Workspaces/ros2_py_ws/install/udemy_ros2_pkg/share/udemy_ros2_pkg/environment/library_path.dsv\n'}
[0.703088] (udemy_ros2_pkg) StdoutLine: {'line': b'-- Up-to-date symlink: /home/shivans/Workspaces/ros2_py_ws/install/udemy_ros2_pkg/include/udemy_ros2_pkg/udemy_ros2_pkg/action/detail/navigate__rosidl_typesupport_fastrtps_c.h\n'}
[0.703193] (udemy_ros2_pkg) StdoutLine: {'line': b'-- Up-to-date symlink: /home/shivans/Workspaces/ros2_py_ws/install/udemy_ros2_pkg/include/udemy_ros2_pkg/udemy_ros2_pkg/msg/rosidl_typesupport_fastrtps_c__visibility_control.h\n'}
[0.703302] (udemy_ros2_pkg) StdoutLine: {'line': b'-- Up-to-date symlink: /home/shivans/Workspaces/ros2_py_ws/install/udemy_ros2_pkg/include/udemy_ros2_pkg/udemy_ros2_pkg/srv/detail/odd_even_check__rosidl_typesupport_fastrtps_c.h\n'}
[0.703435] (udemy_ros2_pkg) StdoutLine: {'line': b'-- Up-to-date symlink: /home/shivans/Workspaces/ros2_py_ws/install/udemy_ros2_pkg/include/udemy_ros2_pkg/udemy_ros2_pkg/srv/detail/turn_camera__rosidl_typesupport_fastrtps_c.h\n'}
[0.703995] (udemy_ros2_pkg) StdoutLine: {'line': b'-- Up-to-date symlink: /home/shivans/Workspaces/ros2_py_ws/install/udemy_ros2_pkg/include/udemy_ros2_pkg/udemy_ros2_pkg/action/detail/navigate__rosidl_typesupport_introspection_c.h\n'}
[0.704215] (udemy_ros2_pkg) StdoutLine: {'line': b'-- Up-to-date symlink: /home/shivans/Workspaces/ros2_py_ws/install/udemy_ros2_pkg/include/udemy_ros2_pkg/udemy_ros2_pkg/msg/rosidl_typesupport_introspection_c__visibility_control.h\n'}
[0.704377] (udemy_ros2_pkg) StdoutLine: {'line': b'-- Up-to-date symlink: /home/shivans/Workspaces/ros2_py_ws/install/udemy_ros2_pkg/include/udemy_ros2_pkg/udemy_ros2_pkg/srv/detail/odd_even_check__rosidl_typesupport_introspection_c.h\n'}
[0.704516] (udemy_ros2_pkg) StdoutLine: {'line': b'-- Up-to-date symlink: /home/shivans/Workspaces/ros2_py_ws/install/udemy_ros2_pkg/include/udemy_ros2_pkg/udemy_ros2_pkg/srv/detail/turn_camera__rosidl_typesupport_introspection_c.h\n'}
[0.705147] (udemy_ros2_pkg) StdoutLine: {'line': b'-- Up-to-date symlink: /home/shivans/Workspaces/ros2_py_ws/install/udemy_ros2_pkg/include/udemy_ros2_pkg/udemy_ros2_pkg/action/detail/navigate__builder.hpp\n'}
[0.705317] (udemy_ros2_pkg) StdoutLine: {'line': b'-- Up-to-date symlink: /home/shivans/Workspaces/ros2_py_ws/install/udemy_ros2_pkg/include/udemy_ros2_pkg/udemy_ros2_pkg/action/detail/navigate__struct.hpp\n'}
[0.705441] (udemy_ros2_pkg) StdoutLine: {'line': b'-- Up-to-date symlink: /home/shivans/Workspaces/ros2_py_ws/install/udemy_ros2_pkg/include/udemy_ros2_pkg/udemy_ros2_pkg/action/detail/navigate__traits.hpp\n'}
[0.705568] (udemy_ros2_pkg) StdoutLine: {'line': b'-- Up-to-date symlink: /home/shivans/Workspaces/ros2_py_ws/install/udemy_ros2_pkg/include/udemy_ros2_pkg/udemy_ros2_pkg/action/navigate.hpp\n'}
[0.705732] (udemy_ros2_pkg) StdoutLine: {'line': b'-- Up-to-date symlink: /home/shivans/Workspaces/ros2_py_ws/install/udemy_ros2_pkg/include/udemy_ros2_pkg/udemy_ros2_pkg/srv/detail/odd_even_check__builder.hpp\n'}
[0.705851] (udemy_ros2_pkg) StdoutLine: {'line': b'-- Up-to-date symlink: /home/shivans/Workspaces/ros2_py_ws/install/udemy_ros2_pkg/include/udemy_ros2_pkg/udemy_ros2_pkg/srv/detail/odd_even_check__struct.hpp\n'}
[0.705985] (udemy_ros2_pkg) StdoutLine: {'line': b'-- Up-to-date symlink: /home/shivans/Workspaces/ros2_py_ws/install/udemy_ros2_pkg/include/udemy_ros2_pkg/udemy_ros2_pkg/srv/detail/odd_even_check__traits.hpp\n'}
[0.706104] (udemy_ros2_pkg) StdoutLine: {'line': b'-- Up-to-date symlink: /home/shivans/Workspaces/ros2_py_ws/install/udemy_ros2_pkg/include/udemy_ros2_pkg/udemy_ros2_pkg/srv/detail/turn_camera__builder.hpp\n'}
[0.706228] (udemy_ros2_pkg) StdoutLine: {'line': b'-- Up-to-date symlink: /home/shivans/Workspaces/ros2_py_ws/install/udemy_ros2_pkg/include/udemy_ros2_pkg/udemy_ros2_pkg/srv/detail/turn_camera__struct.hpp\n'}
[0.706363] (udemy_ros2_pkg) StdoutLine: {'line': b'-- Up-to-date symlink: /home/shivans/Workspaces/ros2_py_ws/install/udemy_ros2_pkg/include/udemy_ros2_pkg/udemy_ros2_pkg/srv/detail/turn_camera__traits.hpp\n'}
[0.706495] (udemy_ros2_pkg) StdoutLine: {'line': b'-- Up-to-date symlink: /home/shivans/Workspaces/ros2_py_ws/install/udemy_ros2_pkg/include/udemy_ros2_pkg/udemy_ros2_pkg/srv/odd_even_check.hpp\n'}
[0.706616] (udemy_ros2_pkg) StdoutLine: {'line': b'-- Up-to-date symlink: /home/shivans/Workspaces/ros2_py_ws/install/udemy_ros2_pkg/include/udemy_ros2_pkg/udemy_ros2_pkg/srv/turn_camera.hpp\n'}
[0.707417] (udemy_ros2_pkg) StdoutLine: {'line': b'-- Up-to-date symlink: /home/shivans/Workspaces/ros2_py_ws/install/udemy_ros2_pkg/include/udemy_ros2_pkg/udemy_ros2_pkg/action/detail/navigate__rosidl_typesupport_fastrtps_cpp.hpp\n'}
[0.707534] (udemy_ros2_pkg) StdoutLine: {'line': b'-- Up-to-date symlink: /home/shivans/Workspaces/ros2_py_ws/install/udemy_ros2_pkg/include/udemy_ros2_pkg/udemy_ros2_pkg/msg/rosidl_typesupport_fastrtps_cpp__visibility_control.h\n'}
[0.707665] (udemy_ros2_pkg) StdoutLine: {'line': b'-- Up-to-date symlink: /home/shivans/Workspaces/ros2_py_ws/install/udemy_ros2_pkg/include/udemy_ros2_pkg/udemy_ros2_pkg/srv/detail/odd_even_check__rosidl_typesupport_fastrtps_cpp.hpp\n'}
[0.707795] (udemy_ros2_pkg) StdoutLine: {'line': b'-- Up-to-date symlink: /home/shivans/Workspaces/ros2_py_ws/install/udemy_ros2_pkg/include/udemy_ros2_pkg/udemy_ros2_pkg/srv/detail/turn_camera__rosidl_typesupport_fastrtps_cpp.hpp\n'}
[0.708332] (udemy_ros2_pkg) StdoutLine: {'line': b'-- Up-to-date symlink: /home/shivans/Workspaces/ros2_py_ws/install/udemy_ros2_pkg/include/udemy_ros2_pkg/udemy_ros2_pkg/action/detail/navigate__rosidl_typesupport_introspection_cpp.hpp\n'}
[0.708553] (udemy_ros2_pkg) StdoutLine: {'line': b'-- Up-to-date symlink: /home/shivans/Workspaces/ros2_py_ws/install/udemy_ros2_pkg/include/udemy_ros2_pkg/udemy_ros2_pkg/srv/detail/odd_even_check__rosidl_typesupport_introspection_cpp.hpp\n'}
[0.708736] (udemy_ros2_pkg) StdoutLine: {'line': b'-- Up-to-date symlink: /home/shivans/Workspaces/ros2_py_ws/install/udemy_ros2_pkg/include/udemy_ros2_pkg/udemy_ros2_pkg/srv/detail/turn_camera__rosidl_typesupport_introspection_cpp.hpp\n'}
[0.708924] (udemy_ros2_pkg) StdoutLine: {'line': b'-- Up-to-date symlink: /home/shivans/Workspaces/ros2_py_ws/install/udemy_ros2_pkg/share/udemy_ros2_pkg/environment/pythonpath.sh\n'}
[0.709095] (udemy_ros2_pkg) StdoutLine: {'line': b'-- Up-to-date symlink: /home/shivans/Workspaces/ros2_py_ws/install/udemy_ros2_pkg/share/udemy_ros2_pkg/environment/pythonpath.dsv\n'}
[0.709412] (udemy_ros2_pkg) StdoutLine: {'line': b'-- Up-to-date symlink: /home/shivans/Workspaces/ros2_py_ws/install/udemy_ros2_pkg/local/lib/python3.10/dist-packages/udemy_ros2_pkg-0.0.0-py3.10.egg-info/PKG-INFO\n'}
[0.709534] (udemy_ros2_pkg) StdoutLine: {'line': b'-- Up-to-date symlink: /home/shivans/Workspaces/ros2_py_ws/install/udemy_ros2_pkg/local/lib/python3.10/dist-packages/udemy_ros2_pkg-0.0.0-py3.10.egg-info/SOURCES.txt\n'}
[0.709673] (udemy_ros2_pkg) StdoutLine: {'line': b'-- Up-to-date symlink: /home/shivans/Workspaces/ros2_py_ws/install/udemy_ros2_pkg/local/lib/python3.10/dist-packages/udemy_ros2_pkg-0.0.0-py3.10.egg-info/dependency_links.txt\n'}
[0.709774] (udemy_ros2_pkg) StdoutLine: {'line': b'-- Up-to-date symlink: /home/shivans/Workspaces/ros2_py_ws/install/udemy_ros2_pkg/local/lib/python3.10/dist-packages/udemy_ros2_pkg-0.0.0-py3.10.egg-info/top_level.txt\n'}
[0.710534] (udemy_ros2_pkg) StdoutLine: {'line': b'-- Up-to-date symlink: /home/shivans/Workspaces/ros2_py_ws/install/udemy_ros2_pkg/local/lib/python3.10/dist-packages/udemy_ros2_pkg/__init__.py\n'}
[0.710633] (udemy_ros2_pkg) StdoutLine: {'line': b'-- Up-to-date symlink: /home/shivans/Workspaces/ros2_py_ws/install/udemy_ros2_pkg/local/lib/python3.10/dist-packages/udemy_ros2_pkg/_udemy_ros2_pkg_s.ep.rosidl_typesupport_c.c\n'}
[0.710721] (udemy_ros2_pkg) StdoutLine: {'line': b'-- Up-to-date symlink: /home/shivans/Workspaces/ros2_py_ws/install/udemy_ros2_pkg/local/lib/python3.10/dist-packages/udemy_ros2_pkg/_udemy_ros2_pkg_s.ep.rosidl_typesupport_fastrtps_c.c\n'}
[0.710807] (udemy_ros2_pkg) StdoutLine: {'line': b'-- Up-to-date symlink: /home/shivans/Workspaces/ros2_py_ws/install/udemy_ros2_pkg/local/lib/python3.10/dist-packages/udemy_ros2_pkg/_udemy_ros2_pkg_s.ep.rosidl_typesupport_introspection_c.c\n'}
[0.710903] (udemy_ros2_pkg) StdoutLine: {'line': b'-- Up-to-date symlink: /home/shivans/Workspaces/ros2_py_ws/install/udemy_ros2_pkg/local/lib/python3.10/dist-packages/udemy_ros2_pkg/action/__init__.py\n'}
[0.710990] (udemy_ros2_pkg) StdoutLine: {'line': b'-- Up-to-date symlink: /home/shivans/Workspaces/ros2_py_ws/install/udemy_ros2_pkg/local/lib/python3.10/dist-packages/udemy_ros2_pkg/action/_navigate.py\n'}
[0.711076] (udemy_ros2_pkg) StdoutLine: {'line': b'-- Up-to-date symlink: /home/shivans/Workspaces/ros2_py_ws/install/udemy_ros2_pkg/local/lib/python3.10/dist-packages/udemy_ros2_pkg/action/_navigate_s.c\n'}
[0.711170] (udemy_ros2_pkg) StdoutLine: {'line': b'-- Up-to-date symlink: /home/shivans/Workspaces/ros2_py_ws/install/udemy_ros2_pkg/local/lib/python3.10/dist-packages/udemy_ros2_pkg/libudemy_ros2_pkg__rosidl_generator_py.so\n'}
[0.711270] (udemy_ros2_pkg) StdoutLine: {'line': b'-- Up-to-date symlink: /home/shivans/Workspaces/ros2_py_ws/install/udemy_ros2_pkg/local/lib/python3.10/dist-packages/udemy_ros2_pkg/srv/__init__.py\n'}
[0.711396] (udemy_ros2_pkg) StdoutLine: {'line': b'-- Up-to-date symlink: /home/shivans/Workspaces/ros2_py_ws/install/udemy_ros2_pkg/local/lib/python3.10/dist-packages/udemy_ros2_pkg/srv/_odd_even_check.py\n'}
[0.711490] (udemy_ros2_pkg) StdoutLine: {'line': b'-- Up-to-date symlink: /home/shivans/Workspaces/ros2_py_ws/install/udemy_ros2_pkg/local/lib/python3.10/dist-packages/udemy_ros2_pkg/srv/_odd_even_check_s.c\n'}
[0.711577] (udemy_ros2_pkg) StdoutLine: {'line': b'-- Up-to-date symlink: /home/shivans/Workspaces/ros2_py_ws/install/udemy_ros2_pkg/local/lib/python3.10/dist-packages/udemy_ros2_pkg/srv/_turn_camera.py\n'}
[0.711664] (udemy_ros2_pkg) StdoutLine: {'line': b'-- Up-to-date symlink: /home/shivans/Workspaces/ros2_py_ws/install/udemy_ros2_pkg/local/lib/python3.10/dist-packages/udemy_ros2_pkg/srv/_turn_camera_s.c\n'}
[0.711755] (udemy_ros2_pkg) StdoutLine: {'line': b'-- Up-to-date symlink: /home/shivans/Workspaces/ros2_py_ws/install/udemy_ros2_pkg/local/lib/python3.10/dist-packages/udemy_ros2_pkg/udemy_ros2_pkg_s__rosidl_typesupport_c.cpython-310-x86_64-linux-gnu.so\n'}
[0.711852] (udemy_ros2_pkg) StdoutLine: {'line': b'-- Up-to-date symlink: /home/shivans/Workspaces/ros2_py_ws/install/udemy_ros2_pkg/local/lib/python3.10/dist-packages/udemy_ros2_pkg/udemy_ros2_pkg_s__rosidl_typesupport_fastrtps_c.cpython-310-x86_64-linux-gnu.so\n'}
[0.711945] (udemy_ros2_pkg) StdoutLine: {'line': b'-- Up-to-date symlink: /home/shivans/Workspaces/ros2_py_ws/install/udemy_ros2_pkg/local/lib/python3.10/dist-packages/udemy_ros2_pkg/udemy_ros2_pkg_s__rosidl_typesupport_introspection_c.cpython-310-x86_64-linux-gnu.so\n'}
[0.712371] (udemy_ros2_pkg) StdoutLine: {'line': b'-- Up-to-date symlink: /home/shivans/Workspaces/ros2_py_ws/install/udemy_ros2_pkg/local/lib/python3.10/dist-packages/udemy_ros2_pkg/udemy_ros2_pkg_s__rosidl_typesupport_fastrtps_c.cpython-310-x86_64-linux-gnu.so\n'}
[0.712769] (udemy_ros2_pkg) StdoutLine: {'line': b'-- Up-to-date symlink: /home/shivans/Workspaces/ros2_py_ws/install/udemy_ros2_pkg/local/lib/python3.10/dist-packages/udemy_ros2_pkg/udemy_ros2_pkg_s__rosidl_typesupport_introspection_c.cpython-310-x86_64-linux-gnu.so\n'}
[0.713081] (udemy_ros2_pkg) StdoutLine: {'line': b'-- Up-to-date symlink: /home/shivans/Workspaces/ros2_py_ws/install/udemy_ros2_pkg/local/lib/python3.10/dist-packages/udemy_ros2_pkg/udemy_ros2_pkg_s__rosidl_typesupport_c.cpython-310-x86_64-linux-gnu.so\n'}
[0.713232] (udemy_ros2_pkg) StdoutLine: {'line': b'-- Up-to-date symlink: /home/shivans/Workspaces/ros2_py_ws/install/udemy_ros2_pkg/share/udemy_ros2_pkg/srv/OddEvenCheck.idl\n'}
[0.713384] (udemy_ros2_pkg) StdoutLine: {'line': b'-- Up-to-date symlink: /home/shivans/Workspaces/ros2_py_ws/install/udemy_ros2_pkg/share/udemy_ros2_pkg/srv/TurnCamera.idl\n'}
[0.713511] (udemy_ros2_pkg) StdoutLine: {'line': b'-- Up-to-date symlink: /home/shivans/Workspaces/ros2_py_ws/install/udemy_ros2_pkg/share/udemy_ros2_pkg/action/Navigate.idl\n'}
[0.713643] (udemy_ros2_pkg) StdoutLine: {'line': b'-- Up-to-date symlink: /home/shivans/Workspaces/ros2_py_ws/install/udemy_ros2_pkg/share/udemy_ros2_pkg/srv/OddEvenCheck.srv\n'}
[0.713791] (udemy_ros2_pkg) StdoutLine: {'line': b'-- Up-to-date symlink: /home/shivans/Workspaces/ros2_py_ws/install/udemy_ros2_pkg/share/udemy_ros2_pkg/srv/OddEvenCheck_Request.msg\n'}
[0.713910] (udemy_ros2_pkg) StdoutLine: {'line': b'-- Up-to-date symlink: /home/shivans/Workspaces/ros2_py_ws/install/udemy_ros2_pkg/share/udemy_ros2_pkg/srv/OddEvenCheck_Response.msg\n'}
[0.714040] (udemy_ros2_pkg) StdoutLine: {'line': b'-- Up-to-date symlink: /home/shivans/Workspaces/ros2_py_ws/install/udemy_ros2_pkg/share/udemy_ros2_pkg/srv/TurnCamera.srv\n'}
[0.714170] (udemy_ros2_pkg) StdoutLine: {'line': b'-- Up-to-date symlink: /home/shivans/Workspaces/ros2_py_ws/install/udemy_ros2_pkg/share/udemy_ros2_pkg/srv/TurnCamera_Request.msg\n'}
[0.714296] (udemy_ros2_pkg) StdoutLine: {'line': b'-- Up-to-date symlink: /home/shivans/Workspaces/ros2_py_ws/install/udemy_ros2_pkg/share/udemy_ros2_pkg/srv/TurnCamera_Response.msg\n'}
[0.714422] (udemy_ros2_pkg) StdoutLine: {'line': b'-- Up-to-date symlink: /home/shivans/Workspaces/ros2_py_ws/install/udemy_ros2_pkg/share/udemy_ros2_pkg/action/Navigate.action\n'}
[0.714705] (udemy_ros2_pkg) StdoutLine: {'line': b'-- Up-to-date symlink: /home/shivans/Workspaces/ros2_py_ws/install/udemy_ros2_pkg/local/lib/python3.10/dist-packages/scripts-0.0.0-py3.10.egg-info/PKG-INFO\n'}
[0.714772] (udemy_ros2_pkg) StdoutLine: {'line': b'-- Up-to-date symlink: /home/shivans/Workspaces/ros2_py_ws/install/udemy_ros2_pkg/local/lib/python3.10/dist-packages/scripts-0.0.0-py3.10.egg-info/SOURCES.txt\n'}
[0.714845] (udemy_ros2_pkg) StdoutLine: {'line': b'-- Up-to-date symlink: /home/shivans/Workspaces/ros2_py_ws/install/udemy_ros2_pkg/local/lib/python3.10/dist-packages/scripts-0.0.0-py3.10.egg-info/dependency_links.txt\n'}
[0.714918] (udemy_ros2_pkg) StdoutLine: {'line': b'-- Up-to-date symlink: /home/shivans/Workspaces/ros2_py_ws/install/udemy_ros2_pkg/local/lib/python3.10/dist-packages/scripts-0.0.0-py3.10.egg-info/top_level.txt\n'}
[0.715319] (udemy_ros2_pkg) StdoutLine: {'line': b'-- Up-to-date symlink: /home/shivans/Workspaces/ros2_py_ws/install/udemy_ros2_pkg/local/lib/python3.10/dist-packages/scripts/__init__.py\n'}
[0.715386] (udemy_ros2_pkg) StdoutLine: {'line': b'-- Up-to-date symlink: /home/shivans/Workspaces/ros2_py_ws/install/udemy_ros2_pkg/local/lib/python3.10/dist-packages/scripts/action_client.py\n'}
[0.715445] (udemy_ros2_pkg) StdoutLine: {'line': b'-- Up-to-date symlink: /home/shivans/Workspaces/ros2_py_ws/install/udemy_ros2_pkg/local/lib/python3.10/dist-packages/scripts/action_server.py\n'}
[0.715508] (udemy_ros2_pkg) StdoutLine: {'line': b'-- Up-to-date symlink: /home/shivans/Workspaces/ros2_py_ws/install/udemy_ros2_pkg/local/lib/python3.10/dist-packages/scripts/publisher.py\n'}
[0.715573] (udemy_ros2_pkg) StdoutLine: {'line': b'-- Up-to-date symlink: /home/shivans/Workspaces/ros2_py_ws/install/udemy_ros2_pkg/local/lib/python3.10/dist-packages/scripts/rpm_pub.py\n'}
[0.715632] (udemy_ros2_pkg) StdoutLine: {'line': b'-- Up-to-date symlink: /home/shivans/Workspaces/ros2_py_ws/install/udemy_ros2_pkg/local/lib/python3.10/dist-packages/scripts/service_client.py\n'}
[0.715695] (udemy_ros2_pkg) StdoutLine: {'line': b'-- Up-to-date symlink: /home/shivans/Workspaces/ros2_py_ws/install/udemy_ros2_pkg/local/lib/python3.10/dist-packages/scripts/service_server.py\n'}
[0.715759] (udemy_ros2_pkg) StdoutLine: {'line': b'-- Up-to-date symlink: /home/shivans/Workspaces/ros2_py_ws/install/udemy_ros2_pkg/local/lib/python3.10/dist-packages/scripts/speed_calc.py\n'}
[0.715825] (udemy_ros2_pkg) StdoutLine: {'line': b'-- Up-to-date symlink: /home/shivans/Workspaces/ros2_py_ws/install/udemy_ros2_pkg/local/lib/python3.10/dist-packages/scripts/subscriber.py\n'}
[0.715893] (udemy_ros2_pkg) StdoutLine: {'line': b'-- Up-to-date symlink: /home/shivans/Workspaces/ros2_py_ws/install/udemy_ros2_pkg/local/lib/python3.10/dist-packages/scripts/turn_camera_client.py\n'}
[0.715960] (udemy_ros2_pkg) StdoutLine: {'line': b'-- Up-to-date symlink: /home/shivans/Workspaces/ros2_py_ws/install/udemy_ros2_pkg/local/lib/python3.10/dist-packages/scripts/turn_camera_server.py\n'}
[0.716080] (udemy_ros2_pkg) StdoutLine: {'line': b'-- Up-to-date symlink: /home/shivans/Workspaces/ros2_py_ws/install/udemy_ros2_pkg/lib/udemy_ros2_pkg/publisher.py\n'}
[0.716186] (udemy_ros2_pkg) StdoutLine: {'line': b'-- Up-to-date symlink: /home/shivans/Workspaces/ros2_py_ws/install/udemy_ros2_pkg/lib/udemy_ros2_pkg/subscriber.py\n'}
[0.716258] (udemy_ros2_pkg) StdoutLine: {'line': b'-- Up-to-date symlink: /home/shivans/Workspaces/ros2_py_ws/install/udemy_ros2_pkg/lib/udemy_ros2_pkg/rpm_pub.py\n'}
[0.716324] (udemy_ros2_pkg) StdoutLine: {'line': b'-- Up-to-date symlink: /home/shivans/Workspaces/ros2_py_ws/install/udemy_ros2_pkg/lib/udemy_ros2_pkg/speed_calc.py\n'}
[0.716396] (udemy_ros2_pkg) StdoutLine: {'line': b'-- Up-to-date symlink: /home/shivans/Workspaces/ros2_py_ws/install/udemy_ros2_pkg/lib/udemy_ros2_pkg/service_server.py\n'}
[0.716462] (udemy_ros2_pkg) StdoutLine: {'line': b'-- Up-to-date symlink: /home/shivans/Workspaces/ros2_py_ws/install/udemy_ros2_pkg/lib/udemy_ros2_pkg/service_client.py\n'}
[0.716528] (udemy_ros2_pkg) StdoutLine: {'line': b'-- Up-to-date symlink: /home/shivans/Workspaces/ros2_py_ws/install/udemy_ros2_pkg/lib/udemy_ros2_pkg/turn_camera_server.py\n'}
[0.716592] (udemy_ros2_pkg) StdoutLine: {'line': b'-- Up-to-date symlink: /home/shivans/Workspaces/ros2_py_ws/install/udemy_ros2_pkg/lib/udemy_ros2_pkg/turn_camera_client.py\n'}
[0.716658] (udemy_ros2_pkg) StdoutLine: {'line': b'-- Up-to-date symlink: /home/shivans/Workspaces/ros2_py_ws/install/udemy_ros2_pkg/lib/udemy_ros2_pkg/action_client.py\n'}
[0.716722] (udemy_ros2_pkg) StdoutLine: {'line': b'-- Up-to-date symlink: /home/shivans/Workspaces/ros2_py_ws/install/udemy_ros2_pkg/lib/udemy_ros2_pkg/action_server.py\n'}
[0.716949] (udemy_ros2_pkg) StdoutLine: {'line': b'-- Up-to-date symlink: /home/shivans/Workspaces/ros2_py_ws/install/udemy_ros2_pkg/share/udemy_ros2_pkg//launch/rpm_node.launch.py\n'}
[0.717013] (udemy_ros2_pkg) StdoutLine: {'line': b'-- Up-to-date symlink: /home/shivans/Workspaces/ros2_py_ws/install/udemy_ros2_pkg/share/udemy_ros2_pkg//launch/rpm_speed.launch.py\n'}
[0.717076] (udemy_ros2_pkg) StdoutLine: {'line': b'-- Up-to-date symlink: /home/shivans/Workspaces/ros2_py_ws/install/udemy_ros2_pkg/share/udemy_ros2_pkg//launch/simulation_project.launch.py\n'}
[0.717143] (udemy_ros2_pkg) StdoutLine: {'line': b'-- Up-to-date symlink: /home/shivans/Workspaces/ros2_py_ws/install/udemy_ros2_pkg/share/udemy_ros2_pkg//launch/test\n'}
[0.717339] (udemy_ros2_pkg) StdoutLine: {'line': b'-- Up-to-date symlink: /home/shivans/Workspaces/ros2_py_ws/install/udemy_ros2_pkg/share/udemy_ros2_pkg//worlds/simulation_project_world.sdf\n'}
[0.717407] (udemy_ros2_pkg) StdoutLine: {'line': b'-- Up-to-date symlink: /home/shivans/Workspaces/ros2_py_ws/install/udemy_ros2_pkg/share/udemy_ros2_pkg//worlds/test_world.sdf\n'}
[0.717640] (udemy_ros2_pkg) StdoutLine: {'line': b'-- Up-to-date symlink: /home/shivans/Workspaces/ros2_py_ws/install/udemy_ros2_pkg/share/udemy_ros2_pkg//models/ground_plane/model.config\n'}
[0.717706] (udemy_ros2_pkg) StdoutLine: {'line': b'-- Up-to-date symlink: /home/shivans/Workspaces/ros2_py_ws/install/udemy_ros2_pkg/share/udemy_ros2_pkg//models/ground_plane/my_ground_plane.sdf\n'}
[0.717778] (udemy_ros2_pkg) StdoutLine: {'line': b'-- Up-to-date symlink: /home/shivans/Workspaces/ros2_py_ws/install/udemy_ros2_pkg/share/udemy_ros2_pkg//models/project_robot_model/model.config\n'}
[0.717846] (udemy_ros2_pkg) StdoutLine: {'line': b'-- Up-to-date symlink: /home/shivans/Workspaces/ros2_py_ws/install/udemy_ros2_pkg/share/udemy_ros2_pkg//models/project_robot_model/model.sdf\n'}
[0.717966] (udemy_ros2_pkg) StdoutLine: {'line': b'-- Up-to-date symlink: /home/shivans/Workspaces/ros2_py_ws/install/udemy_ros2_pkg/share/ament_index/resource_index/package_run_dependencies/udemy_ros2_pkg\n'}
[0.718078] (udemy_ros2_pkg) StdoutLine: {'line': b'-- Up-to-date symlink: /home/shivans/Workspaces/ros2_py_ws/install/udemy_ros2_pkg/share/ament_index/resource_index/parent_prefix_path/udemy_ros2_pkg\n'}
[0.718184] (udemy_ros2_pkg) StdoutLine: {'line': b'-- Up-to-date symlink: /home/shivans/Workspaces/ros2_py_ws/install/udemy_ros2_pkg/share/udemy_ros2_pkg/environment/ament_prefix_path.sh\n'}
[0.718283] (udemy_ros2_pkg) StdoutLine: {'line': b'-- Up-to-date symlink: /home/shivans/Workspaces/ros2_py_ws/install/udemy_ros2_pkg/share/udemy_ros2_pkg/environment/ament_prefix_path.dsv\n'}
[0.718383] (udemy_ros2_pkg) StdoutLine: {'line': b'-- Up-to-date symlink: /home/shivans/Workspaces/ros2_py_ws/install/udemy_ros2_pkg/share/udemy_ros2_pkg/environment/path.sh\n'}
[0.718480] (udemy_ros2_pkg) StdoutLine: {'line': b'-- Up-to-date symlink: /home/shivans/Workspaces/ros2_py_ws/install/udemy_ros2_pkg/share/udemy_ros2_pkg/environment/path.dsv\n'}
[0.718595] (udemy_ros2_pkg) StdoutLine: {'line': b'-- Up-to-date symlink: /home/shivans/Workspaces/ros2_py_ws/install/udemy_ros2_pkg/share/udemy_ros2_pkg/local_setup.bash\n'}
[0.718770] (udemy_ros2_pkg) StdoutLine: {'line': b'-- Up-to-date symlink: /home/shivans/Workspaces/ros2_py_ws/install/udemy_ros2_pkg/share/udemy_ros2_pkg/local_setup.sh\n'}
[0.718890] (udemy_ros2_pkg) StdoutLine: {'line': b'-- Up-to-date symlink: /home/shivans/Workspaces/ros2_py_ws/install/udemy_ros2_pkg/share/udemy_ros2_pkg/local_setup.zsh\n'}
[0.718991] (udemy_ros2_pkg) StdoutLine: {'line': b'-- Up-to-date symlink: /home/shivans/Workspaces/ros2_py_ws/install/udemy_ros2_pkg/share/udemy_ros2_pkg/local_setup.dsv\n'}
[0.719097] (udemy_ros2_pkg) StdoutLine: {'line': b'-- Symlinking: /home/shivans/Workspaces/ros2_py_ws/install/udemy_ros2_pkg/share/udemy_ros2_pkg/package.dsv\n'}
[0.726877] (udemy_ros2_pkg) StdoutLine: {'line': b'-- Up-to-date symlink: /home/shivans/Workspaces/ros2_py_ws/install/udemy_ros2_pkg/share/ament_index/resource_index/packages/udemy_ros2_pkg\n'}
[0.727141] (udemy_ros2_pkg) StdoutLine: {'line': b'-- Up-to-date symlink: /home/shivans/Workspaces/ros2_py_ws/install/udemy_ros2_pkg/share/udemy_ros2_pkg/cmake/rosidl_cmake-extras.cmake\n'}
[0.727227] (udemy_ros2_pkg) StdoutLine: {'line': b'-- Up-to-date symlink: /home/shivans/Workspaces/ros2_py_ws/install/udemy_ros2_pkg/share/udemy_ros2_pkg/cmake/ament_cmake_export_dependencies-extras.cmake\n'}
[0.727332] (udemy_ros2_pkg) StdoutLine: {'line': b'-- Up-to-date symlink: /home/shivans/Workspaces/ros2_py_ws/install/udemy_ros2_pkg/share/udemy_ros2_pkg/cmake/ament_cmake_export_include_directories-extras.cmake\n'}
[0.727440] (udemy_ros2_pkg) StdoutLine: {'line': b'-- Up-to-date symlink: /home/shivans/Workspaces/ros2_py_ws/install/udemy_ros2_pkg/share/udemy_ros2_pkg/cmake/ament_cmake_export_libraries-extras.cmake\n'}
[0.728392] (udemy_ros2_pkg) StdoutLine: {'line': b'-- Up-to-date symlink: /home/shivans/Workspaces/ros2_py_ws/install/udemy_ros2_pkg/share/udemy_ros2_pkg/cmake/ament_cmake_export_targets-extras.cmake\n'}
[0.728574] (udemy_ros2_pkg) StdoutLine: {'line': b'-- Up-to-date symlink: /home/shivans/Workspaces/ros2_py_ws/install/udemy_ros2_pkg/share/udemy_ros2_pkg/cmake/rosidl_cmake_export_typesupport_targets-extras.cmake\n'}
[0.728667] (udemy_ros2_pkg) StdoutLine: {'line': b'-- Up-to-date symlink: /home/shivans/Workspaces/ros2_py_ws/install/udemy_ros2_pkg/share/udemy_ros2_pkg/cmake/rosidl_cmake_export_typesupport_libraries-extras.cmake\n'}
[0.728754] (udemy_ros2_pkg) StdoutLine: {'line': b'-- Up-to-date symlink: /home/shivans/Workspaces/ros2_py_ws/install/udemy_ros2_pkg/share/udemy_ros2_pkg/cmake/udemy_ros2_pkgConfig.cmake\n'}
[0.728837] (udemy_ros2_pkg) StdoutLine: {'line': b'-- Up-to-date symlink: /home/shivans/Workspaces/ros2_py_ws/install/udemy_ros2_pkg/share/udemy_ros2_pkg/cmake/udemy_ros2_pkgConfig-version.cmake\n'}
[0.728917] (udemy_ros2_pkg) StdoutLine: {'line': b'-- Up-to-date symlink: /home/shivans/Workspaces/ros2_py_ws/install/udemy_ros2_pkg/share/udemy_ros2_pkg/package.xml\n'}
[0.729292] (udemy_ros2_pkg) StdoutLine: {'line': b'-- Up-to-date: /home/shivans/Workspaces/ros2_py_ws/install/udemy_ros2_pkg/lib/libudemy_ros2_pkg__rosidl_generator_c.so\n'}
[0.729970] (udemy_ros2_pkg) StdoutLine: {'line': b'-- Up-to-date: /home/shivans/Workspaces/ros2_py_ws/install/udemy_ros2_pkg/lib/libudemy_ros2_pkg__rosidl_typesupport_fastrtps_c.so\n'}
[0.730763] (udemy_ros2_pkg) StdoutLine: {'line': b'-- Up-to-date: /home/shivans/Workspaces/ros2_py_ws/install/udemy_ros2_pkg/lib/libudemy_ros2_pkg__rosidl_typesupport_introspection_c.so\n'}
[0.731358] (udemy_ros2_pkg) StdoutLine: {'line': b'-- Up-to-date: /home/shivans/Workspaces/ros2_py_ws/install/udemy_ros2_pkg/lib/libudemy_ros2_pkg__rosidl_typesupport_c.so\n'}
[0.731993] (udemy_ros2_pkg) StdoutLine: {'line': b'-- Up-to-date: /home/shivans/Workspaces/ros2_py_ws/install/udemy_ros2_pkg/lib/libudemy_ros2_pkg__rosidl_typesupport_fastrtps_cpp.so\n'}
[0.732695] (udemy_ros2_pkg) StdoutLine: {'line': b'-- Up-to-date: /home/shivans/Workspaces/ros2_py_ws/install/udemy_ros2_pkg/lib/libudemy_ros2_pkg__rosidl_typesupport_introspection_cpp.so\n'}
[0.733282] (udemy_ros2_pkg) StdoutLine: {'line': b'-- Up-to-date: /home/shivans/Workspaces/ros2_py_ws/install/udemy_ros2_pkg/lib/libudemy_ros2_pkg__rosidl_typesupport_cpp.so\n'}
[0.759572] (udemy_ros2_pkg) StdoutLine: {'line': b"Listing '/home/shivans/Workspaces/ros2_py_ws/install/udemy_ros2_pkg/local/lib/python3.10/dist-packages/udemy_ros2_pkg'...\n"}
[0.759765] (udemy_ros2_pkg) StdoutLine: {'line': b"Listing '/home/shivans/Workspaces/ros2_py_ws/install/udemy_ros2_pkg/local/lib/python3.10/dist-packages/udemy_ros2_pkg/action'...\n"}
[0.759875] (udemy_ros2_pkg) StdoutLine: {'line': b"Listing '/home/shivans/Workspaces/ros2_py_ws/install/udemy_ros2_pkg/local/lib/python3.10/dist-packages/udemy_ros2_pkg/srv'...\n"}
[0.763985] (udemy_ros2_pkg) StdoutLine: {'line': b'-- Up-to-date: /home/shivans/Workspaces/ros2_py_ws/install/udemy_ros2_pkg/lib/libudemy_ros2_pkg__rosidl_generator_py.so\n'}
[0.787789] (udemy_ros2_pkg) StdoutLine: {'line': b"Listing '/home/shivans/Workspaces/ros2_py_ws/install/udemy_ros2_pkg/local/lib/python3.10/dist-packages/scripts'...\n"}
[0.791620] (udemy_ros2_pkg) StdoutLine: {'line': b'-- Up-to-date: /home/shivans/Workspaces/ros2_py_ws/install/udemy_ros2_pkg/share/udemy_ros2_pkg/cmake/export_udemy_ros2_pkg__rosidl_generator_cExport.cmake\n'}
[0.791758] (udemy_ros2_pkg) StdoutLine: {'line': b'-- Up-to-date: /home/shivans/Workspaces/ros2_py_ws/install/udemy_ros2_pkg/share/udemy_ros2_pkg/cmake/export_udemy_ros2_pkg__rosidl_generator_cExport-noconfig.cmake\n'}
[0.791854] (udemy_ros2_pkg) StdoutLine: {'line': b'-- Up-to-date: /home/shivans/Workspaces/ros2_py_ws/install/udemy_ros2_pkg/share/udemy_ros2_pkg/cmake/export_udemy_ros2_pkg__rosidl_typesupport_fastrtps_cExport.cmake\n'}
[0.791916] (udemy_ros2_pkg) StdoutLine: {'line': b'-- Up-to-date: /home/shivans/Workspaces/ros2_py_ws/install/udemy_ros2_pkg/share/udemy_ros2_pkg/cmake/export_udemy_ros2_pkg__rosidl_typesupport_fastrtps_cExport-noconfig.cmake\n'}
[0.792279] (udemy_ros2_pkg) StdoutLine: {'line': b'-- Up-to-date: /home/shivans/Workspaces/ros2_py_ws/install/udemy_ros2_pkg/share/udemy_ros2_pkg/cmake/udemy_ros2_pkg__rosidl_typesupport_introspection_cExport.cmake\n'}
[0.792339] (udemy_ros2_pkg) StdoutLine: {'line': b'-- Up-to-date: /home/shivans/Workspaces/ros2_py_ws/install/udemy_ros2_pkg/share/udemy_ros2_pkg/cmake/udemy_ros2_pkg__rosidl_typesupport_introspection_cExport-noconfig.cmake\n'}
[0.792665] (udemy_ros2_pkg) StdoutLine: {'line': b'-- Up-to-date: /home/shivans/Workspaces/ros2_py_ws/install/udemy_ros2_pkg/share/udemy_ros2_pkg/cmake/udemy_ros2_pkg__rosidl_typesupport_cExport.cmake\n'}
[0.792758] (udemy_ros2_pkg) StdoutLine: {'line': b'-- Up-to-date: /home/shivans/Workspaces/ros2_py_ws/install/udemy_ros2_pkg/share/udemy_ros2_pkg/cmake/udemy_ros2_pkg__rosidl_typesupport_cExport-noconfig.cmake\n'}
[0.792896] (udemy_ros2_pkg) StdoutLine: {'line': b'-- Up-to-date: /home/shivans/Workspaces/ros2_py_ws/install/udemy_ros2_pkg/share/udemy_ros2_pkg/cmake/export_udemy_ros2_pkg__rosidl_generator_cppExport.cmake\n'}
[0.793061] (udemy_ros2_pkg) StdoutLine: {'line': b'-- Up-to-date: /home/shivans/Workspaces/ros2_py_ws/install/udemy_ros2_pkg/share/udemy_ros2_pkg/cmake/export_udemy_ros2_pkg__rosidl_typesupport_fastrtps_cppExport.cmake\n'}
[0.793147] (udemy_ros2_pkg) StdoutLine: {'line': b'-- Up-to-date: /home/shivans/Workspaces/ros2_py_ws/install/udemy_ros2_pkg/share/udemy_ros2_pkg/cmake/export_udemy_ros2_pkg__rosidl_typesupport_fastrtps_cppExport-noconfig.cmake\n'}
[0.793385] (udemy_ros2_pkg) StdoutLine: {'line': b'-- Up-to-date: /home/shivans/Workspaces/ros2_py_ws/install/udemy_ros2_pkg/share/udemy_ros2_pkg/cmake/udemy_ros2_pkg__rosidl_typesupport_introspection_cppExport.cmake\n'}
[0.793467] (udemy_ros2_pkg) StdoutLine: {'line': b'-- Up-to-date: /home/shivans/Workspaces/ros2_py_ws/install/udemy_ros2_pkg/share/udemy_ros2_pkg/cmake/udemy_ros2_pkg__rosidl_typesupport_introspection_cppExport-noconfig.cmake\n'}
[0.793642] (udemy_ros2_pkg) StdoutLine: {'line': b'-- Up-to-date: /home/shivans/Workspaces/ros2_py_ws/install/udemy_ros2_pkg/share/udemy_ros2_pkg/cmake/udemy_ros2_pkg__rosidl_typesupport_cppExport.cmake\n'}
[0.793723] (udemy_ros2_pkg) StdoutLine: {'line': b'-- Up-to-date: /home/shivans/Workspaces/ros2_py_ws/install/udemy_ros2_pkg/share/udemy_ros2_pkg/cmake/udemy_ros2_pkg__rosidl_typesupport_cppExport-noconfig.cmake\n'}
[0.793900] (udemy_ros2_pkg) StdoutLine: {'line': b'-- Up-to-date: /home/shivans/Workspaces/ros2_py_ws/install/udemy_ros2_pkg/share/udemy_ros2_pkg/cmake/export_udemy_ros2_pkg__rosidl_generator_pyExport.cmake\n'}
[0.793980] (udemy_ros2_pkg) StdoutLine: {'line': b'-- Up-to-date: /home/shivans/Workspaces/ros2_py_ws/install/udemy_ros2_pkg/share/udemy_ros2_pkg/cmake/export_udemy_ros2_pkg__rosidl_generator_pyExport-noconfig.cmake\n'}
[0.795550] (udemy_ros2_pkg) CommandEnded: {'returncode': 0}
[0.801127] (-) TimerEvent: {}
[0.891295] (udemy_ros2_pkg) JobEnded: {'identifier': 'udemy_ros2_pkg', 'rc': 0}
[0.891826] (-) EventReactorShutdown: {}
