[0.000000] (-) TimerEvent: {}
[0.000657] (udemy_ros2_pkg) JobQueued: {'identifier': 'udemy_ros2_pkg', 'dependencies': OrderedDict()}
[0.001205] (udemy_ros2_pkg) JobStarted: {'identifier': 'udemy_ros2_pkg'}
[0.026474] (udemy_ros2_pkg) JobProgress: {'identifier': 'udemy_ros2_pkg', 'progress': 'cmake'}
[0.027175] (udemy_ros2_pkg) JobProgress: {'identifier': 'udemy_ros2_pkg', 'progress': 'build'}
[0.028172] (udemy_ros2_pkg) Command: {'cmd': ['/usr/bin/cmake', '--build', '/home/shivans/Workspaces/ros2_py_ws/build/udemy_ros2_pkg', '--', '-j8', '-l8'], 'cwd': '/home/shivans/Workspaces/ros2_py_ws/build/udemy_ros2_pkg', 'env': OrderedDict([('GJS_DEBUG_TOPICS', 'JS ERROR;JS LOG'), ('LESSOPEN', '| /usr/bin/lesspipe %s'), ('LANGUAGE', 'en_IN:en'), ('USER', 'shivans'), ('GIO_MODULE_DIR', '/home/shivans/snap/code/common/.cache/gio-modules'), ('XDG_SESSION_TYPE', 'wayland'), ('GIT_ASKPASS', '/snap/code/133/usr/share/code/resources/app/extensions/git/dist/askpass.sh'), ('GTK_EXE_PREFIX_VSCODE_SNAP_ORIG', ''), ('GDK_BACKEND_VSCODE_SNAP_ORIG', ''), ('SHLVL', '1'), ('LD_LIBRARY_PATH', '/opt/ros/humble/opt/rviz_ogre_vendor/lib:/opt/ros/humble/lib/x86_64-linux-gnu:/opt/ros/humble/lib'), ('HOME', '/home/shivans'), ('CHROME_DESKTOP', 'code-url-handler.desktop'), ('LOCPATH_VSCODE_SNAP_ORIG', ''), ('TERM_PROGRAM_VERSION', '1.80.0'), ('DESKTOP_SESSION', 'ubuntu'), ('GTK_PATH', '/snap/code/133/usr/lib/x86_64-linux-gnu/gtk-3.0'), ('GTK_IM_MODULE_FILE', '/home/shivans/snap/code/common/.cache/immodules/immodules.cache'), ('GIO_LAUNCHED_DESKTOP_FILE', '/var/lib/snapd/desktop/applications/code_code.desktop'), ('ROS_PYTHON_VERSION', '3'), ('GNOME_SHELL_SESSION_MODE', 'ubuntu'), ('GTK_MODULES', 'gail:atk-bridge'), ('GSETTINGS_SCHEMA_DIR_VSCODE_SNAP_ORIG', ''), ('VSCODE_GIT_ASKPASS_MAIN', '/snap/code/133/usr/share/code/resources/app/extensions/git/dist/askpass-main.js'), ('VSCODE_GIT_ASKPASS_NODE', '/snap/code/133/usr/share/code/code'), ('MANAGERPID', '1899'), ('SYSTEMD_EXEC_PID', '2109'), ('IM_CONFIG_CHECK_ENV', '1'), ('DBUS_SESSION_BUS_ADDRESS', 'unix:path=/run/user/1000/bus'), ('COLORTERM', 'truecolor'), ('GIO_LAUNCHED_DESKTOP_FILE_PID', '18713'), ('IM_CONFIG_PHASE', '1'), ('WAYLAND_DISPLAY', 'wayland-0'), ('ROS_DISTRO', 'humble'), ('LOGNAME', 'shivans'), ('JOURNAL_STREAM', '8:37965'), ('_', '/usr/bin/colcon'), ('ROS_VERSION', '2'), ('XDG_CONFIG_DIRS_VSCODE_SNAP_ORIG', '/etc/xdg/xdg-ubuntu:/etc/xdg'), ('XDG_SESSION_CLASS', 'user'), ('XDG_DATA_DIRS_VSCODE_SNAP_ORIG', '/usr/share/ubuntu:/usr/local/share/:/usr/share/:/var/lib/snapd/desktop'), ('USERNAME', 'shivans'), ('TERM', 'xterm-256color'), ('GNOME_DESKTOP_SESSION_ID', 'this-is-deprecated'), ('ROS_LOCALHOST_ONLY', '0'), ('PATH', '/home/shivans/.local/bin:/opt/ros/humble/bin:/home/shivans/.local/bin:/usr/local/sbin:/usr/local/bin:/usr/sbin:/usr/bin:/sbin:/bin:/usr/games:/usr/local/games:/snap/bin:/snap/bin'), ('SESSION_MANAGER', 'local/TheEagleVision:@/tmp/.ICE-unix/2089,unix/TheEagleVision:/tmp/.ICE-unix/2089'), ('GTK_EXE_PREFIX', '/snap/code/133/usr'), ('INVOCATION_ID', 'b2a91f10ae9b46c1a2a975ed41520518'), ('XDG_MENU_PREFIX', 'gnome-'), ('BAMF_DESKTOP_FILE_HINT', '/var/lib/snapd/desktop/applications/code_code.desktop'), ('GNOME_SETUP_DISPLAY', ':1'), ('XDG_RUNTIME_DIR', '/run/user/1000'), ('GDK_BACKEND', 'x11'), ('DISPLAY', ':0'), ('LOCPATH', '/snap/code/133/usr/lib/locale'), ('LANG', 'en_US.UTF-8'), ('XDG_CURRENT_DESKTOP', 'Unity'), ('GIO_MODULE_DIR_VSCODE_SNAP_ORIG', ''), ('XMODIFIERS', '@im=ibus'), ('XDG_SESSION_DESKTOP', 'ubuntu'), ('XAUTHORITY', '/run/user/1000/.mutter-Xwaylandauth.FLEP71'), ('LS_COLORS', ''), ('VSCODE_GIT_IPC_HANDLE', '/run/user/1000/vscode-git-e4bcdd8129.sock'), ('TERM_PROGRAM', 'vscode'), ('SSH_AGENT_LAUNCHER', 'gnome-keyring'), ('SSH_AUTH_SOCK', '/run/user/1000/keyring/ssh'), ('GSETTINGS_SCHEMA_DIR', '/home/shivans/snap/code/133/.local/share/glib-2.0/schemas'), ('AMENT_PREFIX_PATH', '/opt/ros/humble'), ('ORIGINAL_XDG_CURRENT_DESKTOP', 'ubuntu:GNOME'), ('SHELL', '/bin/bash'), ('QT_ACCESSIBILITY', '1'), ('GDMSESSION', 'ubuntu'), ('LESSCLOSE', '/usr/bin/lesspipe %s %s'), ('GTK_PATH_VSCODE_SNAP_ORIG', ''), ('GTK_IM_MODULE_FILE_VSCODE_SNAP_ORIG', ''), ('GJS_DEBUG_OUTPUT', 'stderr'), ('VSCODE_GIT_ASKPASS_EXTRA_ARGS', '--ms-enable-electron-run-as-node'), ('QT_IM_MODULE', 'ibus'), ('PWD', '/home/shivans/Workspaces/ros2_py_ws/build/udemy_ros2_pkg'), ('LC_ALL', 'en_US.UTF-8'), ('XDG_CONFIG_DIRS', '/etc/xdg/xdg-ubuntu:/etc/xdg'), ('XDG_DATA_DIRS', '/home/shivans/snap/code/133/.local/share:/home/shivans/snap/code/133:/snap/code/133/usr/share:/usr/share/ubuntu:/usr/local/share/:/usr/share/:/var/lib/snapd/desktop'), ('PYTHONPATH', '/opt/ros/humble/lib/python3.10/site-packages:/opt/ros/humble/local/lib/python3.10/dist-packages'), ('COLCON', '1'), ('CMAKE_PREFIX_PATH', '/opt/ros/humble')]), 'shell': False}
[0.099054] (udemy_ros2_pkg) StdoutLine: {'line': b'[  2%] Built target udemy_ros2_pkg__cpp\n'}
[0.099952] (-) TimerEvent: {}
[0.101753] (udemy_ros2_pkg) StdoutLine: {'line': b'[ 12%] Built target udemy_ros2_pkg__rosidl_generator_c\n'}
[0.112671] (udemy_ros2_pkg) StdoutLine: {'line': b'[ 12%] Built target ament_cmake_python_symlink_scripts\n'}
[0.126714] (udemy_ros2_pkg) StdoutLine: {'line': b'[ 12%] Built target ament_cmake_python_symlink_udemy_ros2_pkg\n'}
[0.153807] (udemy_ros2_pkg) StdoutLine: {'line': b'[ 23%] Built target udemy_ros2_pkg__rosidl_typesupport_c\n'}
[0.160568] (udemy_ros2_pkg) StdoutLine: {'line': b'[ 34%] Built target udemy_ros2_pkg__rosidl_typesupport_introspection_c\n'}
[0.170181] (udemy_ros2_pkg) StdoutLine: {'line': b'[ 44%] Built target udemy_ros2_pkg__rosidl_typesupport_cpp\n'}
[0.170529] (udemy_ros2_pkg) StdoutLine: {'line': b'[ 55%] Built target udemy_ros2_pkg__rosidl_typesupport_fastrtps_c\n'}
[0.171412] (udemy_ros2_pkg) StdoutLine: {'line': b'[ 65%] Built target udemy_ros2_pkg__rosidl_typesupport_introspection_cpp\n'}
[0.175391] (udemy_ros2_pkg) StdoutLine: {'line': b'[ 76%] Built target udemy_ros2_pkg__rosidl_typesupport_fastrtps_cpp\n'}
[0.199451] (udemy_ros2_pkg) StdoutLine: {'line': b'[ 76%] Built target udemy_ros2_pkg\n'}
[0.200037] (-) TimerEvent: {}
[0.232159] (udemy_ros2_pkg) StdoutLine: {'line': b'[ 78%] Built target udemy_ros2_pkg__py\n'}
[0.261981] (udemy_ros2_pkg) StdoutLine: {'line': b'[ 87%] Built target udemy_ros2_pkg__rosidl_generator_py\n'}
[0.292844] (udemy_ros2_pkg) StdoutLine: {'line': b'[ 91%] Built target udemy_ros2_pkg__rosidl_typesupport_introspection_c__pyext\n'}
[0.297789] (udemy_ros2_pkg) StdoutLine: {'line': b'[ 97%] Built target udemy_ros2_pkg__rosidl_typesupport_c__pyext\n'}
[0.298064] (udemy_ros2_pkg) StdoutLine: {'line': b'[100%] Built target udemy_ros2_pkg__rosidl_typesupport_fastrtps_c__pyext\n'}
[0.300129] (-) TimerEvent: {}
[0.400471] (-) TimerEvent: {}
[0.500778] (-) TimerEvent: {}
[0.536430] (udemy_ros2_pkg) StdoutLine: {'line': b'running egg_info\n'}
[0.537334] (udemy_ros2_pkg) StdoutLine: {'line': b'writing scripts.egg-info/PKG-INFO\n'}
[0.537571] (udemy_ros2_pkg) StdoutLine: {'line': b'writing dependency_links to scripts.egg-info/dependency_links.txt\n'}
[0.537794] (udemy_ros2_pkg) StdoutLine: {'line': b'writing top-level names to scripts.egg-info/top_level.txt\n'}
[0.540984] (udemy_ros2_pkg) StdoutLine: {'line': b"reading manifest file 'scripts.egg-info/SOURCES.txt'\n"}
[0.541726] (udemy_ros2_pkg) StdoutLine: {'line': b"writing manifest file 'scripts.egg-info/SOURCES.txt'\n"}
[0.546006] (udemy_ros2_pkg) StdoutLine: {'line': b'running egg_info\n'}
[0.547392] (udemy_ros2_pkg) StdoutLine: {'line': b'writing udemy_ros2_pkg.egg-info/PKG-INFO\n'}
[0.547735] (udemy_ros2_pkg) StdoutLine: {'line': b'writing dependency_links to udemy_ros2_pkg.egg-info/dependency_links.txt\n'}
[0.548074] (udemy_ros2_pkg) StdoutLine: {'line': b'writing top-level names to udemy_ros2_pkg.egg-info/top_level.txt\n'}
[0.551644] (udemy_ros2_pkg) StdoutLine: {'line': b"reading manifest file 'udemy_ros2_pkg.egg-info/SOURCES.txt'\n"}
[0.552645] (udemy_ros2_pkg) StdoutLine: {'line': b"writing manifest file 'udemy_ros2_pkg.egg-info/SOURCES.txt'\n"}
[0.575213] (udemy_ros2_pkg) StdoutLine: {'line': b'[100%] Built target ament_cmake_python_build_scripts_egg\n'}
[0.583709] (udemy_ros2_pkg) StdoutLine: {'line': b'[100%] Built target ament_cmake_python_build_udemy_ros2_pkg_egg\n'}
[0.593131] (udemy_ros2_pkg) CommandEnded: {'returncode': 0}
[0.601013] (-) TimerEvent: {}
[0.701511] (-) TimerEvent: {}
[0.752909] (udemy_ros2_pkg) JobProgress: {'identifier': 'udemy_ros2_pkg', 'progress': 'install'}
[0.766206] (udemy_ros2_pkg) Command: {'cmd': ['/usr/bin/cmake', '--install', '/home/shivans/Workspaces/ros2_py_ws/build/udemy_ros2_pkg'], 'cwd': '/home/shivans/Workspaces/ros2_py_ws/build/udemy_ros2_pkg', 'env': OrderedDict([('GJS_DEBUG_TOPICS', 'JS ERROR;JS LOG'), ('LESSOPEN', '| /usr/bin/lesspipe %s'), ('LANGUAGE', 'en_IN:en'), ('USER', 'shivans'), ('GIO_MODULE_DIR', '/home/shivans/snap/code/common/.cache/gio-modules'), ('XDG_SESSION_TYPE', 'wayland'), ('GIT_ASKPASS', '/snap/code/133/usr/share/code/resources/app/extensions/git/dist/askpass.sh'), ('GTK_EXE_PREFIX_VSCODE_SNAP_ORIG', ''), ('GDK_BACKEND_VSCODE_SNAP_ORIG', ''), ('SHLVL', '1'), ('LD_LIBRARY_PATH', '/opt/ros/humble/opt/rviz_ogre_vendor/lib:/opt/ros/humble/lib/x86_64-linux-gnu:/opt/ros/humble/lib'), ('HOME', '/home/shivans'), ('CHROME_DESKTOP', 'code-url-handler.desktop'), ('LOCPATH_VSCODE_SNAP_ORIG', ''), ('TERM_PROGRAM_VERSION', '1.80.0'), ('DESKTOP_SESSION', 'ubuntu'), ('GTK_PATH', '/snap/code/133/usr/lib/x86_64-linux-gnu/gtk-3.0'), ('GTK_IM_MODULE_FILE', '/home/shivans/snap/code/common/.cache/immodules/immodules.cache'), ('GIO_LAUNCHED_DESKTOP_FILE', '/var/lib/snapd/desktop/applications/code_code.desktop'), ('ROS_PYTHON_VERSION', '3'), ('GNOME_SHELL_SESSION_MODE', 'ubuntu'), ('GTK_MODULES', 'gail:atk-bridge'), ('GSETTINGS_SCHEMA_DIR_VSCODE_SNAP_ORIG', ''), ('VSCODE_GIT_ASKPASS_MAIN', '/snap/code/133/usr/share/code/resources/app/extensions/git/dist/askpass-main.js'), ('VSCODE_GIT_ASKPASS_NODE', '/snap/code/133/usr/share/code/code'), ('MANAGERPID', '1899'), ('SYSTEMD_EXEC_PID', '2109'), ('IM_CONFIG_CHECK_ENV', '1'), ('DBUS_SESSION_BUS_ADDRESS', 'unix:path=/run/user/1000/bus'), ('COLORTERM', 'truecolor'), ('GIO_LAUNCHED_DESKTOP_FILE_PID', '18713'), ('IM_CONFIG_PHASE', '1'), ('WAYLAND_DISPLAY', 'wayland-0'), ('ROS_DISTRO', 'humble'), ('LOGNAME', 'shivans'), ('JOURNAL_STREAM', '8:37965'), ('_', '/usr/bin/colcon'), ('ROS_VERSION', '2'), ('XDG_CONFIG_DIRS_VSCODE_SNAP_ORIG', '/etc/xdg/xdg-ubuntu:/etc/xdg'), ('XDG_SESSION_CLASS', 'user'), ('XDG_DATA_DIRS_VSCODE_SNAP_ORIG', '/usr/share/ubuntu:/usr/local/share/:/usr/share/:/var/lib/snapd/desktop'), ('USERNAME', 'shivans'), ('TERM', 'xterm-256color'), ('GNOME_DESKTOP_SESSION_ID', 'this-is-deprecated'), ('ROS_LOCALHOST_ONLY', '0'), ('PATH', '/home/shivans/.local/bin:/opt/ros/humble/bin:/home/shivans/.local/bin:/usr/local/sbin:/usr/local/bin:/usr/sbin:/usr/bin:/sbin:/bin:/usr/games:/usr/local/games:/snap/bin:/snap/bin'), ('SESSION_MANAGER', 'local/TheEagleVision:@/tmp/.ICE-unix/2089,unix/TheEagleVision:/tmp/.ICE-unix/2089'), ('GTK_EXE_PREFIX', '/snap/code/133/usr'), ('INVOCATION_ID', 'b2a91f10ae9b46c1a2a975ed41520518'), ('XDG_MENU_PREFIX', 'gnome-'), ('BAMF_DESKTOP_FILE_HINT', '/var/lib/snapd/desktop/applications/code_code.desktop'), ('GNOME_SETUP_DISPLAY', ':1'), ('XDG_RUNTIME_DIR', '/run/user/1000'), ('GDK_BACKEND', 'x11'), ('DISPLAY', ':0'), ('LOCPATH', '/snap/code/133/usr/lib/locale'), ('LANG', 'en_US.UTF-8'), ('XDG_CURRENT_DESKTOP', 'Unity'), ('GIO_MODULE_DIR_VSCODE_SNAP_ORIG', ''), ('XMODIFIERS', '@im=ibus'), ('XDG_SESSION_DESKTOP', 'ubuntu'), ('XAUTHORITY', '/run/user/1000/.mutter-Xwaylandauth.FLEP71'), ('LS_COLORS', ''), ('VSCODE_GIT_IPC_HANDLE', '/run/user/1000/vscode-git-e4bcdd8129.sock'), ('TERM_PROGRAM', 'vscode'), ('SSH_AGENT_LAUNCHER', 'gnome-keyring'), ('SSH_AUTH_SOCK', '/run/user/1000/keyring/ssh'), ('GSETTINGS_SCHEMA_DIR', '/home/shivans/snap/code/133/.local/share/glib-2.0/schemas'), ('AMENT_PREFIX_PATH', '/opt/ros/humble'), ('ORIGINAL_XDG_CURRENT_DESKTOP', 'ubuntu:GNOME'), ('SHELL', '/bin/bash'), ('QT_ACCESSIBILITY', '1'), ('GDMSESSION', 'ubuntu'), ('LESSCLOSE', '/usr/bin/lesspipe %s %s'), ('GTK_PATH_VSCODE_SNAP_ORIG', ''), ('GTK_IM_MODULE_FILE_VSCODE_SNAP_ORIG', ''), ('GJS_DEBUG_OUTPUT', 'stderr'), ('VSCODE_GIT_ASKPASS_EXTRA_ARGS', '--ms-enable-electron-run-as-node'), ('QT_IM_MODULE', 'ibus'), ('PWD', '/home/shivans/Workspaces/ros2_py_ws/build/udemy_ros2_pkg'), ('LC_ALL', 'en_US.UTF-8'), ('XDG_CONFIG_DIRS', '/etc/xdg/xdg-ubuntu:/etc/xdg'), ('XDG_DATA_DIRS', '/home/shivans/snap/code/133/.local/share:/home/shivans/snap/code/133:/snap/code/133/usr/share:/usr/share/ubuntu:/usr/local/share/:/usr/share/:/var/lib/snapd/desktop'), ('PYTHONPATH', '/opt/ros/humble/lib/python3.10/site-packages:/opt/ros/humble/local/lib/python3.10/dist-packages'), ('COLCON', '1'), ('CMAKE_PREFIX_PATH', '/opt/ros/humble')]), 'shell': False}
[0.774396] (udemy_ros2_pkg) StdoutLine: {'line': b'-- Install configuration: ""\n'}
[0.774999] (udemy_ros2_pkg) StdoutLine: {'line': b'-- Execute custom install script\n'}
[0.775168] (udemy_ros2_pkg) StdoutLine: {'line': b'-- Up-to-date symlink: /home/shivans/Workspaces/ros2_py_ws/install/udemy_ros2_pkg/share/ament_index/resource_index/rosidl_interfaces/udemy_ros2_pkg\n'}
[0.775636] (udemy_ros2_pkg) StdoutLine: {'line': b'-- Up-to-date symlink: /home/shivans/Workspaces/ros2_py_ws/install/udemy_ros2_pkg/include/udemy_ros2_pkg/udemy_ros2_pkg/action/detail/navigate__functions.h\n'}
[0.775767] (udemy_ros2_pkg) StdoutLine: {'line': b'-- Up-to-date symlink: /home/shivans/Workspaces/ros2_py_ws/install/udemy_ros2_pkg/include/udemy_ros2_pkg/udemy_ros2_pkg/action/detail/navigate__struct.h\n'}
[0.775890] (udemy_ros2_pkg) StdoutLine: {'line': b'-- Up-to-date symlink: /home/shivans/Workspaces/ros2_py_ws/install/udemy_ros2_pkg/include/udemy_ros2_pkg/udemy_ros2_pkg/action/detail/navigate__type_support.h\n'}
[0.776006] (udemy_ros2_pkg) StdoutLine: {'line': b'-- Up-to-date symlink: /home/shivans/Workspaces/ros2_py_ws/install/udemy_ros2_pkg/include/udemy_ros2_pkg/udemy_ros2_pkg/action/navigate.h\n'}
[0.776134] (udemy_ros2_pkg) StdoutLine: {'line': b'-- Up-to-date symlink: /home/shivans/Workspaces/ros2_py_ws/install/udemy_ros2_pkg/include/udemy_ros2_pkg/udemy_ros2_pkg/msg/rosidl_generator_c__visibility_control.h\n'}
[0.776248] (udemy_ros2_pkg) StdoutLine: {'line': b'-- Up-to-date symlink: /home/shivans/Workspaces/ros2_py_ws/install/udemy_ros2_pkg/include/udemy_ros2_pkg/udemy_ros2_pkg/srv/detail/odd_even_check__functions.h\n'}
[0.776360] (udemy_ros2_pkg) StdoutLine: {'line': b'-- Up-to-date symlink: /home/shivans/Workspaces/ros2_py_ws/install/udemy_ros2_pkg/include/udemy_ros2_pkg/udemy_ros2_pkg/srv/detail/odd_even_check__struct.h\n'}
[0.776472] (udemy_ros2_pkg) StdoutLine: {'line': b'-- Up-to-date symlink: /home/shivans/Workspaces/ros2_py_ws/install/udemy_ros2_pkg/include/udemy_ros2_pkg/udemy_ros2_pkg/srv/detail/odd_even_check__type_support.h\n'}
[0.776605] (udemy_ros2_pkg) StdoutLine: {'line': b'-- Up-to-date symlink: /home/shivans/Workspaces/ros2_py_ws/install/udemy_ros2_pkg/include/udemy_ros2_pkg/udemy_ros2_pkg/srv/detail/turn_camera__functions.h\n'}
[0.776721] (udemy_ros2_pkg) StdoutLine: {'line': b'-- Up-to-date symlink: /home/shivans/Workspaces/ros2_py_ws/install/udemy_ros2_pkg/include/udemy_ros2_pkg/udemy_ros2_pkg/srv/detail/turn_camera__struct.h\n'}
[0.776832] (udemy_ros2_pkg) StdoutLine: {'line': b'-- Up-to-date symlink: /home/shivans/Workspaces/ros2_py_ws/install/udemy_ros2_pkg/include/udemy_ros2_pkg/udemy_ros2_pkg/srv/detail/turn_camera__type_support.h\n'}
[0.776944] (udemy_ros2_pkg) StdoutLine: {'line': b'-- Up-to-date symlink: /home/shivans/Workspaces/ros2_py_ws/install/udemy_ros2_pkg/include/udemy_ros2_pkg/udemy_ros2_pkg/srv/odd_even_check.h\n'}
[0.777039] (udemy_ros2_pkg) StdoutLine: {'line': b'-- Up-to-date symlink: /home/shivans/Workspaces/ros2_py_ws/install/udemy_ros2_pkg/include/udemy_ros2_pkg/udemy_ros2_pkg/srv/turn_camera.h\n'}
[0.777149] (udemy_ros2_pkg) StdoutLine: {'line': b'-- Up-to-date symlink: /home/shivans/Workspaces/ros2_py_ws/install/udemy_ros2_pkg/share/udemy_ros2_pkg/environment/library_path.sh\n'}
[0.777244] (udemy_ros2_pkg) StdoutLine: {'line': b'-- Up-to-date symlink: /home/shivans/Workspaces/ros2_py_ws/install/udemy_ros2_pkg/share/udemy_ros2_pkg/environment/library_path.dsv\n'}
[0.777582] (udemy_ros2_pkg) StdoutLine: {'line': b'-- Up-to-date symlink: /home/shivans/Workspaces/ros2_py_ws/install/udemy_ros2_pkg/include/udemy_ros2_pkg/udemy_ros2_pkg/action/detail/navigate__rosidl_typesupport_fastrtps_c.h\n'}
[0.777742] (udemy_ros2_pkg) StdoutLine: {'line': b'-- Up-to-date symlink: /home/shivans/Workspaces/ros2_py_ws/install/udemy_ros2_pkg/include/udemy_ros2_pkg/udemy_ros2_pkg/msg/rosidl_typesupport_fastrtps_c__visibility_control.h\n'}
[0.777867] (udemy_ros2_pkg) StdoutLine: {'line': b'-- Up-to-date symlink: /home/shivans/Workspaces/ros2_py_ws/install/udemy_ros2_pkg/include/udemy_ros2_pkg/udemy_ros2_pkg/srv/detail/odd_even_check__rosidl_typesupport_fastrtps_c.h\n'}
[0.777990] (udemy_ros2_pkg) StdoutLine: {'line': b'-- Up-to-date symlink: /home/shivans/Workspaces/ros2_py_ws/install/udemy_ros2_pkg/include/udemy_ros2_pkg/udemy_ros2_pkg/srv/detail/turn_camera__rosidl_typesupport_fastrtps_c.h\n'}
[0.778710] (udemy_ros2_pkg) StdoutLine: {'line': b'-- Up-to-date symlink: /home/shivans/Workspaces/ros2_py_ws/install/udemy_ros2_pkg/include/udemy_ros2_pkg/udemy_ros2_pkg/action/detail/navigate__rosidl_typesupport_introspection_c.h\n'}
[0.778909] (udemy_ros2_pkg) StdoutLine: {'line': b'-- Up-to-date symlink: /home/shivans/Workspaces/ros2_py_ws/install/udemy_ros2_pkg/include/udemy_ros2_pkg/udemy_ros2_pkg/msg/rosidl_typesupport_introspection_c__visibility_control.h\n'}
[0.778994] (udemy_ros2_pkg) StdoutLine: {'line': b'-- Up-to-date symlink: /home/shivans/Workspaces/ros2_py_ws/install/udemy_ros2_pkg/include/udemy_ros2_pkg/udemy_ros2_pkg/srv/detail/odd_even_check__rosidl_typesupport_introspection_c.h\n'}
[0.779094] (udemy_ros2_pkg) StdoutLine: {'line': b'-- Up-to-date symlink: /home/shivans/Workspaces/ros2_py_ws/install/udemy_ros2_pkg/include/udemy_ros2_pkg/udemy_ros2_pkg/srv/detail/turn_camera__rosidl_typesupport_introspection_c.h\n'}
[0.779540] (udemy_ros2_pkg) StdoutLine: {'line': b'-- Up-to-date symlink: /home/shivans/Workspaces/ros2_py_ws/install/udemy_ros2_pkg/include/udemy_ros2_pkg/udemy_ros2_pkg/action/detail/navigate__builder.hpp\n'}
[0.779624] (udemy_ros2_pkg) StdoutLine: {'line': b'-- Up-to-date symlink: /home/shivans/Workspaces/ros2_py_ws/install/udemy_ros2_pkg/include/udemy_ros2_pkg/udemy_ros2_pkg/action/detail/navigate__struct.hpp\n'}
[0.779703] (udemy_ros2_pkg) StdoutLine: {'line': b'-- Up-to-date symlink: /home/shivans/Workspaces/ros2_py_ws/install/udemy_ros2_pkg/include/udemy_ros2_pkg/udemy_ros2_pkg/action/detail/navigate__traits.hpp\n'}
[0.779800] (udemy_ros2_pkg) StdoutLine: {'line': b'-- Up-to-date symlink: /home/shivans/Workspaces/ros2_py_ws/install/udemy_ros2_pkg/include/udemy_ros2_pkg/udemy_ros2_pkg/action/navigate.hpp\n'}
[0.779908] (udemy_ros2_pkg) StdoutLine: {'line': b'-- Up-to-date symlink: /home/shivans/Workspaces/ros2_py_ws/install/udemy_ros2_pkg/include/udemy_ros2_pkg/udemy_ros2_pkg/srv/detail/odd_even_check__builder.hpp\n'}
[0.780006] (udemy_ros2_pkg) StdoutLine: {'line': b'-- Up-to-date symlink: /home/shivans/Workspaces/ros2_py_ws/install/udemy_ros2_pkg/include/udemy_ros2_pkg/udemy_ros2_pkg/srv/detail/odd_even_check__struct.hpp\n'}
[0.780120] (udemy_ros2_pkg) StdoutLine: {'line': b'-- Up-to-date symlink: /home/shivans/Workspaces/ros2_py_ws/install/udemy_ros2_pkg/include/udemy_ros2_pkg/udemy_ros2_pkg/srv/detail/odd_even_check__traits.hpp\n'}
[0.780223] (udemy_ros2_pkg) StdoutLine: {'line': b'-- Up-to-date symlink: /home/shivans/Workspaces/ros2_py_ws/install/udemy_ros2_pkg/include/udemy_ros2_pkg/udemy_ros2_pkg/srv/detail/turn_camera__builder.hpp\n'}
[0.780338] (udemy_ros2_pkg) StdoutLine: {'line': b'-- Up-to-date symlink: /home/shivans/Workspaces/ros2_py_ws/install/udemy_ros2_pkg/include/udemy_ros2_pkg/udemy_ros2_pkg/srv/detail/turn_camera__struct.hpp\n'}
[0.780430] (udemy_ros2_pkg) StdoutLine: {'line': b'-- Up-to-date symlink: /home/shivans/Workspaces/ros2_py_ws/install/udemy_ros2_pkg/include/udemy_ros2_pkg/udemy_ros2_pkg/srv/detail/turn_camera__traits.hpp\n'}
[0.780531] (udemy_ros2_pkg) StdoutLine: {'line': b'-- Up-to-date symlink: /home/shivans/Workspaces/ros2_py_ws/install/udemy_ros2_pkg/include/udemy_ros2_pkg/udemy_ros2_pkg/srv/odd_even_check.hpp\n'}
[0.780664] (udemy_ros2_pkg) StdoutLine: {'line': b'-- Up-to-date symlink: /home/shivans/Workspaces/ros2_py_ws/install/udemy_ros2_pkg/include/udemy_ros2_pkg/udemy_ros2_pkg/srv/turn_camera.hpp\n'}
[0.781262] (udemy_ros2_pkg) StdoutLine: {'line': b'-- Up-to-date symlink: /home/shivans/Workspaces/ros2_py_ws/install/udemy_ros2_pkg/include/udemy_ros2_pkg/udemy_ros2_pkg/action/detail/navigate__rosidl_typesupport_fastrtps_cpp.hpp\n'}
[0.781360] (udemy_ros2_pkg) StdoutLine: {'line': b'-- Up-to-date symlink: /home/shivans/Workspaces/ros2_py_ws/install/udemy_ros2_pkg/include/udemy_ros2_pkg/udemy_ros2_pkg/msg/rosidl_typesupport_fastrtps_cpp__visibility_control.h\n'}
[0.781480] (udemy_ros2_pkg) StdoutLine: {'line': b'-- Up-to-date symlink: /home/shivans/Workspaces/ros2_py_ws/install/udemy_ros2_pkg/include/udemy_ros2_pkg/udemy_ros2_pkg/srv/detail/odd_even_check__rosidl_typesupport_fastrtps_cpp.hpp\n'}
[0.781596] (udemy_ros2_pkg) StdoutLine: {'line': b'-- Up-to-date symlink: /home/shivans/Workspaces/ros2_py_ws/install/udemy_ros2_pkg/include/udemy_ros2_pkg/udemy_ros2_pkg/srv/detail/turn_camera__rosidl_typesupport_fastrtps_cpp.hpp\n'}
[0.781956] (udemy_ros2_pkg) StdoutLine: {'line': b'-- Up-to-date symlink: /home/shivans/Workspaces/ros2_py_ws/install/udemy_ros2_pkg/include/udemy_ros2_pkg/udemy_ros2_pkg/action/detail/navigate__rosidl_typesupport_introspection_cpp.hpp\n'}
[0.782034] (udemy_ros2_pkg) StdoutLine: {'line': b'-- Up-to-date symlink: /home/shivans/Workspaces/ros2_py_ws/install/udemy_ros2_pkg/include/udemy_ros2_pkg/udemy_ros2_pkg/srv/detail/odd_even_check__rosidl_typesupport_introspection_cpp.hpp\n'}
[0.782111] (udemy_ros2_pkg) StdoutLine: {'line': b'-- Up-to-date symlink: /home/shivans/Workspaces/ros2_py_ws/install/udemy_ros2_pkg/include/udemy_ros2_pkg/udemy_ros2_pkg/srv/detail/turn_camera__rosidl_typesupport_introspection_cpp.hpp\n'}
[0.782286] (udemy_ros2_pkg) StdoutLine: {'line': b'-- Up-to-date symlink: /home/shivans/Workspaces/ros2_py_ws/install/udemy_ros2_pkg/share/udemy_ros2_pkg/environment/pythonpath.sh\n'}
[0.782552] (udemy_ros2_pkg) StdoutLine: {'line': b'-- Up-to-date symlink: /home/shivans/Workspaces/ros2_py_ws/install/udemy_ros2_pkg/share/udemy_ros2_pkg/environment/pythonpath.dsv\n'}
[0.782846] (udemy_ros2_pkg) StdoutLine: {'line': b'-- Up-to-date symlink: /home/shivans/Workspaces/ros2_py_ws/install/udemy_ros2_pkg/local/lib/python3.10/dist-packages/udemy_ros2_pkg-0.0.0-py3.10.egg-info/PKG-INFO\n'}
[0.782929] (udemy_ros2_pkg) StdoutLine: {'line': b'-- Up-to-date symlink: /home/shivans/Workspaces/ros2_py_ws/install/udemy_ros2_pkg/local/lib/python3.10/dist-packages/udemy_ros2_pkg-0.0.0-py3.10.egg-info/SOURCES.txt\n'}
[0.783032] (udemy_ros2_pkg) StdoutLine: {'line': b'-- Up-to-date symlink: /home/shivans/Workspaces/ros2_py_ws/install/udemy_ros2_pkg/local/lib/python3.10/dist-packages/udemy_ros2_pkg-0.0.0-py3.10.egg-info/dependency_links.txt\n'}
[0.783127] (udemy_ros2_pkg) StdoutLine: {'line': b'-- Up-to-date symlink: /home/shivans/Workspaces/ros2_py_ws/install/udemy_ros2_pkg/local/lib/python3.10/dist-packages/udemy_ros2_pkg-0.0.0-py3.10.egg-info/top_level.txt\n'}
[0.783841] (udemy_ros2_pkg) StdoutLine: {'line': b'-- Up-to-date symlink: /home/shivans/Workspaces/ros2_py_ws/install/udemy_ros2_pkg/local/lib/python3.10/dist-packages/udemy_ros2_pkg/__init__.py\n'}
[0.783994] (udemy_ros2_pkg) StdoutLine: {'line': b'-- Up-to-date symlink: /home/shivans/Workspaces/ros2_py_ws/install/udemy_ros2_pkg/local/lib/python3.10/dist-packages/udemy_ros2_pkg/_udemy_ros2_pkg_s.ep.rosidl_typesupport_c.c\n'}
[0.784109] (udemy_ros2_pkg) StdoutLine: {'line': b'-- Up-to-date symlink: /home/shivans/Workspaces/ros2_py_ws/install/udemy_ros2_pkg/local/lib/python3.10/dist-packages/udemy_ros2_pkg/_udemy_ros2_pkg_s.ep.rosidl_typesupport_fastrtps_c.c\n'}
[0.784219] (udemy_ros2_pkg) StdoutLine: {'line': b'-- Up-to-date symlink: /home/shivans/Workspaces/ros2_py_ws/install/udemy_ros2_pkg/local/lib/python3.10/dist-packages/udemy_ros2_pkg/_udemy_ros2_pkg_s.ep.rosidl_typesupport_introspection_c.c\n'}
[0.784338] (udemy_ros2_pkg) StdoutLine: {'line': b'-- Up-to-date symlink: /home/shivans/Workspaces/ros2_py_ws/install/udemy_ros2_pkg/local/lib/python3.10/dist-packages/udemy_ros2_pkg/action/__init__.py\n'}
[0.784424] (udemy_ros2_pkg) StdoutLine: {'line': b'-- Up-to-date symlink: /home/shivans/Workspaces/ros2_py_ws/install/udemy_ros2_pkg/local/lib/python3.10/dist-packages/udemy_ros2_pkg/action/_navigate.py\n'}
[0.784511] (udemy_ros2_pkg) StdoutLine: {'line': b'-- Up-to-date symlink: /home/shivans/Workspaces/ros2_py_ws/install/udemy_ros2_pkg/local/lib/python3.10/dist-packages/udemy_ros2_pkg/action/_navigate_s.c\n'}
[0.784596] (udemy_ros2_pkg) StdoutLine: {'line': b'-- Up-to-date symlink: /home/shivans/Workspaces/ros2_py_ws/install/udemy_ros2_pkg/local/lib/python3.10/dist-packages/udemy_ros2_pkg/libudemy_ros2_pkg__rosidl_generator_py.so\n'}
[0.784683] (udemy_ros2_pkg) StdoutLine: {'line': b'-- Up-to-date symlink: /home/shivans/Workspaces/ros2_py_ws/install/udemy_ros2_pkg/local/lib/python3.10/dist-packages/udemy_ros2_pkg/srv/__init__.py\n'}
[0.784769] (udemy_ros2_pkg) StdoutLine: {'line': b'-- Up-to-date symlink: /home/shivans/Workspaces/ros2_py_ws/install/udemy_ros2_pkg/local/lib/python3.10/dist-packages/udemy_ros2_pkg/srv/_odd_even_check.py\n'}
[0.784939] (udemy_ros2_pkg) StdoutLine: {'line': b'-- Up-to-date symlink: /home/shivans/Workspaces/ros2_py_ws/install/udemy_ros2_pkg/local/lib/python3.10/dist-packages/udemy_ros2_pkg/srv/_odd_even_check_s.c\n'}
[0.785076] (udemy_ros2_pkg) StdoutLine: {'line': b'-- Up-to-date symlink: /home/shivans/Workspaces/ros2_py_ws/install/udemy_ros2_pkg/local/lib/python3.10/dist-packages/udemy_ros2_pkg/srv/_turn_camera.py\n'}
[0.785212] (udemy_ros2_pkg) StdoutLine: {'line': b'-- Up-to-date symlink: /home/shivans/Workspaces/ros2_py_ws/install/udemy_ros2_pkg/local/lib/python3.10/dist-packages/udemy_ros2_pkg/srv/_turn_camera_s.c\n'}
[0.785350] (udemy_ros2_pkg) StdoutLine: {'line': b'-- Up-to-date symlink: /home/shivans/Workspaces/ros2_py_ws/install/udemy_ros2_pkg/local/lib/python3.10/dist-packages/udemy_ros2_pkg/udemy_ros2_pkg_s__rosidl_typesupport_c.cpython-310-x86_64-linux-gnu.so\n'}
[0.785485] (udemy_ros2_pkg) StdoutLine: {'line': b'-- Up-to-date symlink: /home/shivans/Workspaces/ros2_py_ws/install/udemy_ros2_pkg/local/lib/python3.10/dist-packages/udemy_ros2_pkg/udemy_ros2_pkg_s__rosidl_typesupport_fastrtps_c.cpython-310-x86_64-linux-gnu.so\n'}
[0.785626] (udemy_ros2_pkg) StdoutLine: {'line': b'-- Up-to-date symlink: /home/shivans/Workspaces/ros2_py_ws/install/udemy_ros2_pkg/local/lib/python3.10/dist-packages/udemy_ros2_pkg/udemy_ros2_pkg_s__rosidl_typesupport_introspection_c.cpython-310-x86_64-linux-gnu.so\n'}
[0.786040] (udemy_ros2_pkg) StdoutLine: {'line': b'-- Up-to-date symlink: /home/shivans/Workspaces/ros2_py_ws/install/udemy_ros2_pkg/local/lib/python3.10/dist-packages/udemy_ros2_pkg/udemy_ros2_pkg_s__rosidl_typesupport_fastrtps_c.cpython-310-x86_64-linux-gnu.so\n'}
[0.786273] (udemy_ros2_pkg) StdoutLine: {'line': b'-- Up-to-date symlink: /home/shivans/Workspaces/ros2_py_ws/install/udemy_ros2_pkg/local/lib/python3.10/dist-packages/udemy_ros2_pkg/udemy_ros2_pkg_s__rosidl_typesupport_introspection_c.cpython-310-x86_64-linux-gnu.so\n'}
[0.786555] (udemy_ros2_pkg) StdoutLine: {'line': b'-- Up-to-date symlink: /home/shivans/Workspaces/ros2_py_ws/install/udemy_ros2_pkg/local/lib/python3.10/dist-packages/udemy_ros2_pkg/udemy_ros2_pkg_s__rosidl_typesupport_c.cpython-310-x86_64-linux-gnu.so\n'}
[0.786727] (udemy_ros2_pkg) StdoutLine: {'line': b'-- Up-to-date symlink: /home/shivans/Workspaces/ros2_py_ws/install/udemy_ros2_pkg/share/udemy_ros2_pkg/srv/OddEvenCheck.idl\n'}
[0.786909] (udemy_ros2_pkg) StdoutLine: {'line': b'-- Up-to-date symlink: /home/shivans/Workspaces/ros2_py_ws/install/udemy_ros2_pkg/share/udemy_ros2_pkg/srv/TurnCamera.idl\n'}
[0.787050] (udemy_ros2_pkg) StdoutLine: {'line': b'-- Up-to-date symlink: /home/shivans/Workspaces/ros2_py_ws/install/udemy_ros2_pkg/share/udemy_ros2_pkg/action/Navigate.idl\n'}
[0.787188] (udemy_ros2_pkg) StdoutLine: {'line': b'-- Up-to-date symlink: /home/shivans/Workspaces/ros2_py_ws/install/udemy_ros2_pkg/share/udemy_ros2_pkg/srv/OddEvenCheck.srv\n'}
[0.787336] (udemy_ros2_pkg) StdoutLine: {'line': b'-- Up-to-date symlink: /home/shivans/Workspaces/ros2_py_ws/install/udemy_ros2_pkg/share/udemy_ros2_pkg/srv/OddEvenCheck_Request.msg\n'}
[0.787463] (udemy_ros2_pkg) StdoutLine: {'line': b'-- Up-to-date symlink: /home/shivans/Workspaces/ros2_py_ws/install/udemy_ros2_pkg/share/udemy_ros2_pkg/srv/OddEvenCheck_Response.msg\n'}
[0.787596] (udemy_ros2_pkg) StdoutLine: {'line': b'-- Up-to-date symlink: /home/shivans/Workspaces/ros2_py_ws/install/udemy_ros2_pkg/share/udemy_ros2_pkg/srv/TurnCamera.srv\n'}
[0.787757] (udemy_ros2_pkg) StdoutLine: {'line': b'-- Up-to-date symlink: /home/shivans/Workspaces/ros2_py_ws/install/udemy_ros2_pkg/share/udemy_ros2_pkg/srv/TurnCamera_Request.msg\n'}
[0.787910] (udemy_ros2_pkg) StdoutLine: {'line': b'-- Up-to-date symlink: /home/shivans/Workspaces/ros2_py_ws/install/udemy_ros2_pkg/share/udemy_ros2_pkg/srv/TurnCamera_Response.msg\n'}
[0.788047] (udemy_ros2_pkg) StdoutLine: {'line': b'-- Up-to-date symlink: /home/shivans/Workspaces/ros2_py_ws/install/udemy_ros2_pkg/share/udemy_ros2_pkg/action/Navigate.action\n'}
[0.788379] (udemy_ros2_pkg) StdoutLine: {'line': b'-- Up-to-date symlink: /home/shivans/Workspaces/ros2_py_ws/install/udemy_ros2_pkg/local/lib/python3.10/dist-packages/scripts-0.0.0-py3.10.egg-info/PKG-INFO\n'}
[0.788481] (udemy_ros2_pkg) StdoutLine: {'line': b'-- Up-to-date symlink: /home/shivans/Workspaces/ros2_py_ws/install/udemy_ros2_pkg/local/lib/python3.10/dist-packages/scripts-0.0.0-py3.10.egg-info/SOURCES.txt\n'}
[0.788587] (udemy_ros2_pkg) StdoutLine: {'line': b'-- Up-to-date symlink: /home/shivans/Workspaces/ros2_py_ws/install/udemy_ros2_pkg/local/lib/python3.10/dist-packages/scripts-0.0.0-py3.10.egg-info/dependency_links.txt\n'}
[0.788692] (udemy_ros2_pkg) StdoutLine: {'line': b'-- Up-to-date symlink: /home/shivans/Workspaces/ros2_py_ws/install/udemy_ros2_pkg/local/lib/python3.10/dist-packages/scripts-0.0.0-py3.10.egg-info/top_level.txt\n'}
[0.789301] (udemy_ros2_pkg) StdoutLine: {'line': b'-- Up-to-date symlink: /home/shivans/Workspaces/ros2_py_ws/install/udemy_ros2_pkg/local/lib/python3.10/dist-packages/scripts/__init__.py\n'}
[0.789399] (udemy_ros2_pkg) StdoutLine: {'line': b'-- Up-to-date symlink: /home/shivans/Workspaces/ros2_py_ws/install/udemy_ros2_pkg/local/lib/python3.10/dist-packages/scripts/action_client.py\n'}
[0.789496] (udemy_ros2_pkg) StdoutLine: {'line': b'-- Up-to-date symlink: /home/shivans/Workspaces/ros2_py_ws/install/udemy_ros2_pkg/local/lib/python3.10/dist-packages/scripts/action_server.py\n'}
[0.789592] (udemy_ros2_pkg) StdoutLine: {'line': b'-- Up-to-date symlink: /home/shivans/Workspaces/ros2_py_ws/install/udemy_ros2_pkg/local/lib/python3.10/dist-packages/scripts/publisher.py\n'}
[0.789685] (udemy_ros2_pkg) StdoutLine: {'line': b'-- Up-to-date symlink: /home/shivans/Workspaces/ros2_py_ws/install/udemy_ros2_pkg/local/lib/python3.10/dist-packages/scripts/rpm_pub.py\n'}
[0.789786] (udemy_ros2_pkg) StdoutLine: {'line': b'-- Up-to-date symlink: /home/shivans/Workspaces/ros2_py_ws/install/udemy_ros2_pkg/local/lib/python3.10/dist-packages/scripts/service_client.py\n'}
[0.789910] (udemy_ros2_pkg) StdoutLine: {'line': b'-- Up-to-date symlink: /home/shivans/Workspaces/ros2_py_ws/install/udemy_ros2_pkg/local/lib/python3.10/dist-packages/scripts/service_server.py\n'}
[0.790005] (udemy_ros2_pkg) StdoutLine: {'line': b'-- Up-to-date symlink: /home/shivans/Workspaces/ros2_py_ws/install/udemy_ros2_pkg/local/lib/python3.10/dist-packages/scripts/speed_calc.py\n'}
[0.790107] (udemy_ros2_pkg) StdoutLine: {'line': b'-- Up-to-date symlink: /home/shivans/Workspaces/ros2_py_ws/install/udemy_ros2_pkg/local/lib/python3.10/dist-packages/scripts/subscriber.py\n'}
[0.790206] (udemy_ros2_pkg) StdoutLine: {'line': b'-- Up-to-date symlink: /home/shivans/Workspaces/ros2_py_ws/install/udemy_ros2_pkg/local/lib/python3.10/dist-packages/scripts/turn_camera_client.py\n'}
[0.790301] (udemy_ros2_pkg) StdoutLine: {'line': b'-- Up-to-date symlink: /home/shivans/Workspaces/ros2_py_ws/install/udemy_ros2_pkg/local/lib/python3.10/dist-packages/scripts/turn_camera_server.py\n'}
[0.790498] (udemy_ros2_pkg) StdoutLine: {'line': b'-- Up-to-date symlink: /home/shivans/Workspaces/ros2_py_ws/install/udemy_ros2_pkg/lib/udemy_ros2_pkg/publisher.py\n'}
[0.790590] (udemy_ros2_pkg) StdoutLine: {'line': b'-- Up-to-date symlink: /home/shivans/Workspaces/ros2_py_ws/install/udemy_ros2_pkg/lib/udemy_ros2_pkg/subscriber.py\n'}
[0.790684] (udemy_ros2_pkg) StdoutLine: {'line': b'-- Up-to-date symlink: /home/shivans/Workspaces/ros2_py_ws/install/udemy_ros2_pkg/lib/udemy_ros2_pkg/rpm_pub.py\n'}
[0.790807] (udemy_ros2_pkg) StdoutLine: {'line': b'-- Up-to-date symlink: /home/shivans/Workspaces/ros2_py_ws/install/udemy_ros2_pkg/lib/udemy_ros2_pkg/speed_calc.py\n'}
[0.790929] (udemy_ros2_pkg) StdoutLine: {'line': b'-- Up-to-date symlink: /home/shivans/Workspaces/ros2_py_ws/install/udemy_ros2_pkg/lib/udemy_ros2_pkg/service_server.py\n'}
[0.791058] (udemy_ros2_pkg) StdoutLine: {'line': b'-- Up-to-date symlink: /home/shivans/Workspaces/ros2_py_ws/install/udemy_ros2_pkg/lib/udemy_ros2_pkg/service_client.py\n'}
[0.791167] (udemy_ros2_pkg) StdoutLine: {'line': b'-- Up-to-date symlink: /home/shivans/Workspaces/ros2_py_ws/install/udemy_ros2_pkg/lib/udemy_ros2_pkg/turn_camera_server.py\n'}
[0.791275] (udemy_ros2_pkg) StdoutLine: {'line': b'-- Up-to-date symlink: /home/shivans/Workspaces/ros2_py_ws/install/udemy_ros2_pkg/lib/udemy_ros2_pkg/turn_camera_client.py\n'}
[0.791379] (udemy_ros2_pkg) StdoutLine: {'line': b'-- Up-to-date symlink: /home/shivans/Workspaces/ros2_py_ws/install/udemy_ros2_pkg/lib/udemy_ros2_pkg/action_client.py\n'}
[0.791484] (udemy_ros2_pkg) StdoutLine: {'line': b'-- Up-to-date symlink: /home/shivans/Workspaces/ros2_py_ws/install/udemy_ros2_pkg/lib/udemy_ros2_pkg/action_server.py\n'}
[0.791756] (udemy_ros2_pkg) StdoutLine: {'line': b'-- Up-to-date symlink: /home/shivans/Workspaces/ros2_py_ws/install/udemy_ros2_pkg/share/udemy_ros2_pkg//launch/rpm_node.launch.py\n'}
[0.791858] (udemy_ros2_pkg) StdoutLine: {'line': b'-- Up-to-date symlink: /home/shivans/Workspaces/ros2_py_ws/install/udemy_ros2_pkg/share/udemy_ros2_pkg//launch/rpm_speed.launch.py\n'}
[0.791950] (udemy_ros2_pkg) StdoutLine: {'line': b'-- Symlinking: /home/shivans/Workspaces/ros2_py_ws/install/udemy_ros2_pkg/share/udemy_ros2_pkg//launch/simulation_project.launch.py\n'}
[0.800110] (udemy_ros2_pkg) StdoutLine: {'line': b'-- Up-to-date symlink: /home/shivans/Workspaces/ros2_py_ws/install/udemy_ros2_pkg/share/udemy_ros2_pkg//launch/test\n'}
[0.800327] (udemy_ros2_pkg) StdoutLine: {'line': b'-- Up-to-date symlink: /home/shivans/Workspaces/ros2_py_ws/install/udemy_ros2_pkg/share/udemy_ros2_pkg//worlds/simulation_project_world.sdf\n'}
[0.800429] (udemy_ros2_pkg) StdoutLine: {'line': b'-- Up-to-date symlink: /home/shivans/Workspaces/ros2_py_ws/install/udemy_ros2_pkg/share/udemy_ros2_pkg//worlds/test_world.sdf\n'}
[0.800745] (udemy_ros2_pkg) StdoutLine: {'line': b'-- Up-to-date symlink: /home/shivans/Workspaces/ros2_py_ws/install/udemy_ros2_pkg/share/udemy_ros2_pkg//models/ground_plane/model.config\n'}
[0.800868] (udemy_ros2_pkg) StdoutLine: {'line': b'-- Up-to-date symlink: /home/shivans/Workspaces/ros2_py_ws/install/udemy_ros2_pkg/share/udemy_ros2_pkg//models/ground_plane/my_ground_plane.sdf\n'}
[0.800974] (udemy_ros2_pkg) StdoutLine: {'line': b'-- Up-to-date symlink: /home/shivans/Workspaces/ros2_py_ws/install/udemy_ros2_pkg/share/udemy_ros2_pkg//models/project_robot_model/model.config\n'}
[0.801085] (udemy_ros2_pkg) StdoutLine: {'line': b'-- Up-to-date symlink: /home/shivans/Workspaces/ros2_py_ws/install/udemy_ros2_pkg/share/udemy_ros2_pkg//models/project_robot_model/model.sdf\n'}
[0.801265] (udemy_ros2_pkg) StdoutLine: {'line': b'-- Up-to-date symlink: /home/shivans/Workspaces/ros2_py_ws/install/udemy_ros2_pkg/share/ament_index/resource_index/package_run_dependencies/udemy_ros2_pkg\n'}
[0.801431] (udemy_ros2_pkg) StdoutLine: {'line': b'-- Up-to-date symlink: /home/shivans/Workspaces/ros2_py_ws/install/udemy_ros2_pkg/share/ament_index/resource_index/parent_prefix_path/udemy_ros2_pkg\n'}
[0.801502] (-) TimerEvent: {}
[0.801626] (udemy_ros2_pkg) StdoutLine: {'line': b'-- Up-to-date symlink: /home/shivans/Workspaces/ros2_py_ws/install/udemy_ros2_pkg/share/udemy_ros2_pkg/environment/ament_prefix_path.sh\n'}
[0.801744] (udemy_ros2_pkg) StdoutLine: {'line': b'-- Up-to-date symlink: /home/shivans/Workspaces/ros2_py_ws/install/udemy_ros2_pkg/share/udemy_ros2_pkg/environment/ament_prefix_path.dsv\n'}
[0.801897] (udemy_ros2_pkg) StdoutLine: {'line': b'-- Up-to-date symlink: /home/shivans/Workspaces/ros2_py_ws/install/udemy_ros2_pkg/share/udemy_ros2_pkg/environment/path.sh\n'}
[0.802192] (udemy_ros2_pkg) StdoutLine: {'line': b'-- Up-to-date symlink: /home/shivans/Workspaces/ros2_py_ws/install/udemy_ros2_pkg/share/udemy_ros2_pkg/environment/path.dsv\n'}
[0.802377] (udemy_ros2_pkg) StdoutLine: {'line': b'-- Up-to-date symlink: /home/shivans/Workspaces/ros2_py_ws/install/udemy_ros2_pkg/share/udemy_ros2_pkg/local_setup.bash\n'}
[0.802541] (udemy_ros2_pkg) StdoutLine: {'line': b'-- Up-to-date symlink: /home/shivans/Workspaces/ros2_py_ws/install/udemy_ros2_pkg/share/udemy_ros2_pkg/local_setup.sh\n'}
[0.802705] (udemy_ros2_pkg) StdoutLine: {'line': b'-- Up-to-date symlink: /home/shivans/Workspaces/ros2_py_ws/install/udemy_ros2_pkg/share/udemy_ros2_pkg/local_setup.zsh\n'}
[0.802862] (udemy_ros2_pkg) StdoutLine: {'line': b'-- Up-to-date symlink: /home/shivans/Workspaces/ros2_py_ws/install/udemy_ros2_pkg/share/udemy_ros2_pkg/local_setup.dsv\n'}
[0.803076] (udemy_ros2_pkg) StdoutLine: {'line': b'-- Symlinking: /home/shivans/Workspaces/ros2_py_ws/install/udemy_ros2_pkg/share/udemy_ros2_pkg/package.dsv\n'}
[0.815423] (udemy_ros2_pkg) StdoutLine: {'line': b'-- Up-to-date symlink: /home/shivans/Workspaces/ros2_py_ws/install/udemy_ros2_pkg/share/ament_index/resource_index/packages/udemy_ros2_pkg\n'}
[0.815837] (udemy_ros2_pkg) StdoutLine: {'line': b'-- Up-to-date symlink: /home/shivans/Workspaces/ros2_py_ws/install/udemy_ros2_pkg/share/udemy_ros2_pkg/cmake/rosidl_cmake-extras.cmake\n'}
[0.816024] (udemy_ros2_pkg) StdoutLine: {'line': b'-- Up-to-date symlink: /home/shivans/Workspaces/ros2_py_ws/install/udemy_ros2_pkg/share/udemy_ros2_pkg/cmake/ament_cmake_export_dependencies-extras.cmake\n'}
[0.816269] (udemy_ros2_pkg) StdoutLine: {'line': b'-- Up-to-date symlink: /home/shivans/Workspaces/ros2_py_ws/install/udemy_ros2_pkg/share/udemy_ros2_pkg/cmake/ament_cmake_export_include_directories-extras.cmake\n'}
[0.816553] (udemy_ros2_pkg) StdoutLine: {'line': b'-- Up-to-date symlink: /home/shivans/Workspaces/ros2_py_ws/install/udemy_ros2_pkg/share/udemy_ros2_pkg/cmake/ament_cmake_export_libraries-extras.cmake\n'}
[0.816861] (udemy_ros2_pkg) StdoutLine: {'line': b'-- Up-to-date symlink: /home/shivans/Workspaces/ros2_py_ws/install/udemy_ros2_pkg/share/udemy_ros2_pkg/cmake/ament_cmake_export_targets-extras.cmake\n'}
[0.817181] (udemy_ros2_pkg) StdoutLine: {'line': b'-- Up-to-date symlink: /home/shivans/Workspaces/ros2_py_ws/install/udemy_ros2_pkg/share/udemy_ros2_pkg/cmake/rosidl_cmake_export_typesupport_targets-extras.cmake\n'}
[0.817507] (udemy_ros2_pkg) StdoutLine: {'line': b'-- Up-to-date symlink: /home/shivans/Workspaces/ros2_py_ws/install/udemy_ros2_pkg/share/udemy_ros2_pkg/cmake/rosidl_cmake_export_typesupport_libraries-extras.cmake\n'}
[0.817865] (udemy_ros2_pkg) StdoutLine: {'line': b'-- Up-to-date symlink: /home/shivans/Workspaces/ros2_py_ws/install/udemy_ros2_pkg/share/udemy_ros2_pkg/cmake/udemy_ros2_pkgConfig.cmake\n'}
[0.818079] (udemy_ros2_pkg) StdoutLine: {'line': b'-- Up-to-date symlink: /home/shivans/Workspaces/ros2_py_ws/install/udemy_ros2_pkg/share/udemy_ros2_pkg/cmake/udemy_ros2_pkgConfig-version.cmake\n'}
[0.818389] (udemy_ros2_pkg) StdoutLine: {'line': b'-- Up-to-date symlink: /home/shivans/Workspaces/ros2_py_ws/install/udemy_ros2_pkg/share/udemy_ros2_pkg/package.xml\n'}
[0.818897] (udemy_ros2_pkg) StdoutLine: {'line': b'-- Up-to-date: /home/shivans/Workspaces/ros2_py_ws/install/udemy_ros2_pkg/lib/libudemy_ros2_pkg__rosidl_generator_c.so\n'}
[0.819414] (udemy_ros2_pkg) StdoutLine: {'line': b'-- Up-to-date: /home/shivans/Workspaces/ros2_py_ws/install/udemy_ros2_pkg/lib/libudemy_ros2_pkg__rosidl_typesupport_fastrtps_c.so\n'}
[0.819941] (udemy_ros2_pkg) StdoutLine: {'line': b'-- Up-to-date: /home/shivans/Workspaces/ros2_py_ws/install/udemy_ros2_pkg/lib/libudemy_ros2_pkg__rosidl_typesupport_introspection_c.so\n'}
[0.820402] (udemy_ros2_pkg) StdoutLine: {'line': b'-- Up-to-date: /home/shivans/Workspaces/ros2_py_ws/install/udemy_ros2_pkg/lib/libudemy_ros2_pkg__rosidl_typesupport_c.so\n'}
[0.820899] (udemy_ros2_pkg) StdoutLine: {'line': b'-- Up-to-date: /home/shivans/Workspaces/ros2_py_ws/install/udemy_ros2_pkg/lib/libudemy_ros2_pkg__rosidl_typesupport_fastrtps_cpp.so\n'}
[0.821355] (udemy_ros2_pkg) StdoutLine: {'line': b'-- Up-to-date: /home/shivans/Workspaces/ros2_py_ws/install/udemy_ros2_pkg/lib/libudemy_ros2_pkg__rosidl_typesupport_introspection_cpp.so\n'}
[0.821811] (udemy_ros2_pkg) StdoutLine: {'line': b'-- Up-to-date: /home/shivans/Workspaces/ros2_py_ws/install/udemy_ros2_pkg/lib/libudemy_ros2_pkg__rosidl_typesupport_cpp.so\n'}
[0.858685] (udemy_ros2_pkg) StdoutLine: {'line': b"Listing '/home/shivans/Workspaces/ros2_py_ws/install/udemy_ros2_pkg/local/lib/python3.10/dist-packages/udemy_ros2_pkg'...\n"}
[0.858900] (udemy_ros2_pkg) StdoutLine: {'line': b"Listing '/home/shivans/Workspaces/ros2_py_ws/install/udemy_ros2_pkg/local/lib/python3.10/dist-packages/udemy_ros2_pkg/action'...\n"}
[0.858966] (udemy_ros2_pkg) StdoutLine: {'line': b"Listing '/home/shivans/Workspaces/ros2_py_ws/install/udemy_ros2_pkg/local/lib/python3.10/dist-packages/udemy_ros2_pkg/srv'...\n"}
[0.863703] (udemy_ros2_pkg) StdoutLine: {'line': b'-- Up-to-date: /home/shivans/Workspaces/ros2_py_ws/install/udemy_ros2_pkg/lib/libudemy_ros2_pkg__rosidl_generator_py.so\n'}
[0.890781] (udemy_ros2_pkg) StdoutLine: {'line': b"Listing '/home/shivans/Workspaces/ros2_py_ws/install/udemy_ros2_pkg/local/lib/python3.10/dist-packages/scripts'...\n"}
[0.894236] (udemy_ros2_pkg) StdoutLine: {'line': b'-- Up-to-date: /home/shivans/Workspaces/ros2_py_ws/install/udemy_ros2_pkg/share/udemy_ros2_pkg/cmake/export_udemy_ros2_pkg__rosidl_generator_cExport.cmake\n'}
[0.894399] (udemy_ros2_pkg) StdoutLine: {'line': b'-- Up-to-date: /home/shivans/Workspaces/ros2_py_ws/install/udemy_ros2_pkg/share/udemy_ros2_pkg/cmake/export_udemy_ros2_pkg__rosidl_generator_cExport-noconfig.cmake\n'}
[0.894460] (udemy_ros2_pkg) StdoutLine: {'line': b'-- Up-to-date: /home/shivans/Workspaces/ros2_py_ws/install/udemy_ros2_pkg/share/udemy_ros2_pkg/cmake/export_udemy_ros2_pkg__rosidl_typesupport_fastrtps_cExport.cmake\n'}
[0.894511] (udemy_ros2_pkg) StdoutLine: {'line': b'-- Up-to-date: /home/shivans/Workspaces/ros2_py_ws/install/udemy_ros2_pkg/share/udemy_ros2_pkg/cmake/export_udemy_ros2_pkg__rosidl_typesupport_fastrtps_cExport-noconfig.cmake\n'}
[0.894671] (udemy_ros2_pkg) StdoutLine: {'line': b'-- Up-to-date: /home/shivans/Workspaces/ros2_py_ws/install/udemy_ros2_pkg/share/udemy_ros2_pkg/cmake/udemy_ros2_pkg__rosidl_typesupport_introspection_cExport.cmake\n'}
[0.894785] (udemy_ros2_pkg) StdoutLine: {'line': b'-- Up-to-date: /home/shivans/Workspaces/ros2_py_ws/install/udemy_ros2_pkg/share/udemy_ros2_pkg/cmake/udemy_ros2_pkg__rosidl_typesupport_introspection_cExport-noconfig.cmake\n'}
[0.894857] (udemy_ros2_pkg) StdoutLine: {'line': b'-- Up-to-date: /home/shivans/Workspaces/ros2_py_ws/install/udemy_ros2_pkg/share/udemy_ros2_pkg/cmake/udemy_ros2_pkg__rosidl_typesupport_cExport.cmake\n'}
[0.894960] (udemy_ros2_pkg) StdoutLine: {'line': b'-- Up-to-date: /home/shivans/Workspaces/ros2_py_ws/install/udemy_ros2_pkg/share/udemy_ros2_pkg/cmake/udemy_ros2_pkg__rosidl_typesupport_cExport-noconfig.cmake\n'}
[0.895259] (udemy_ros2_pkg) StdoutLine: {'line': b'-- Up-to-date: /home/shivans/Workspaces/ros2_py_ws/install/udemy_ros2_pkg/share/udemy_ros2_pkg/cmake/export_udemy_ros2_pkg__rosidl_generator_cppExport.cmake\n'}
[0.895322] (udemy_ros2_pkg) StdoutLine: {'line': b'-- Up-to-date: /home/shivans/Workspaces/ros2_py_ws/install/udemy_ros2_pkg/share/udemy_ros2_pkg/cmake/export_udemy_ros2_pkg__rosidl_typesupport_fastrtps_cppExport.cmake\n'}
[0.895404] (udemy_ros2_pkg) StdoutLine: {'line': b'-- Up-to-date: /home/shivans/Workspaces/ros2_py_ws/install/udemy_ros2_pkg/share/udemy_ros2_pkg/cmake/export_udemy_ros2_pkg__rosidl_typesupport_fastrtps_cppExport-noconfig.cmake\n'}
[0.895458] (udemy_ros2_pkg) StdoutLine: {'line': b'-- Up-to-date: /home/shivans/Workspaces/ros2_py_ws/install/udemy_ros2_pkg/share/udemy_ros2_pkg/cmake/udemy_ros2_pkg__rosidl_typesupport_introspection_cppExport.cmake\n'}
[0.895510] (udemy_ros2_pkg) StdoutLine: {'line': b'-- Up-to-date: /home/shivans/Workspaces/ros2_py_ws/install/udemy_ros2_pkg/share/udemy_ros2_pkg/cmake/udemy_ros2_pkg__rosidl_typesupport_introspection_cppExport-noconfig.cmake\n'}
[0.895563] (udemy_ros2_pkg) StdoutLine: {'line': b'-- Up-to-date: /home/shivans/Workspaces/ros2_py_ws/install/udemy_ros2_pkg/share/udemy_ros2_pkg/cmake/udemy_ros2_pkg__rosidl_typesupport_cppExport.cmake\n'}
[0.895615] (udemy_ros2_pkg) StdoutLine: {'line': b'-- Up-to-date: /home/shivans/Workspaces/ros2_py_ws/install/udemy_ros2_pkg/share/udemy_ros2_pkg/cmake/udemy_ros2_pkg__rosidl_typesupport_cppExport-noconfig.cmake\n'}
[0.895668] (udemy_ros2_pkg) StdoutLine: {'line': b'-- Up-to-date: /home/shivans/Workspaces/ros2_py_ws/install/udemy_ros2_pkg/share/udemy_ros2_pkg/cmake/export_udemy_ros2_pkg__rosidl_generator_pyExport.cmake\n'}
[0.895847] (udemy_ros2_pkg) StdoutLine: {'line': b'-- Up-to-date: /home/shivans/Workspaces/ros2_py_ws/install/udemy_ros2_pkg/share/udemy_ros2_pkg/cmake/export_udemy_ros2_pkg__rosidl_generator_pyExport-noconfig.cmake\n'}
[0.897654] (udemy_ros2_pkg) CommandEnded: {'returncode': 0}
[0.901646] (-) TimerEvent: {}
[1.002217] (-) TimerEvent: {}
[1.054896] (udemy_ros2_pkg) JobEnded: {'identifier': 'udemy_ros2_pkg', 'rc': 0}
[1.055530] (-) EventReactorShutdown: {}
