[0.024s] Invoking command in '/home/shivans/Workspaces/ros2_py_ws/build/udemy_ros2_pkg': CMAKE_PREFIX_PATH=/opt/ros/humble /usr/bin/cmake --build /home/shivans/Workspaces/ros2_py_ws/build/udemy_ros2_pkg -- -j8 -l8
[0.129s] [  2%] Built target udemy_ros2_pkg__cpp
[0.136s] [ 12%] Built target udemy_ros2_pkg__rosidl_generator_c
[0.142s] [ 12%] Built target ament_cmake_python_symlink_udemy_ros2_pkg
[0.145s] [ 12%] Built target ament_cmake_python_symlink_scripts
[0.192s] [ 27%] Built target udemy_ros2_pkg__rosidl_typesupport_c
[0.192s] [ 34%] Built target udemy_ros2_pkg__rosidl_typesupport_introspection_cpp
[0.193s] [ 46%] Built target udemy_ros2_pkg__rosidl_typesupport_introspection_c
[0.193s] [ 65%] Built target udemy_ros2_pkg__rosidl_typesupport_fastrtps_cpp
[0.193s] [ 55%] Built target udemy_ros2_pkg__rosidl_typesupport_fastrtps_c
[0.195s] [ 76%] Built target udemy_ros2_pkg__rosidl_typesupport_cpp
[0.218s] [ 76%] Built target udemy_ros2_pkg
[0.253s] [ 78%] Built target udemy_ros2_pkg__py
[0.281s] [ 87%] Built target udemy_ros2_pkg__rosidl_generator_py
[0.315s] [ 93%] Built target udemy_ros2_pkg__rosidl_typesupport_c__pyext
[0.315s] [ 95%] Built target udemy_ros2_pkg__rosidl_typesupport_fastrtps_c__pyext
[0.316s] [100%] Built target udemy_ros2_pkg__rosidl_typesupport_introspection_c__pyext
[0.603s] running egg_info
[0.605s] writing scripts.egg-info/PKG-INFO
[0.605s] writing dependency_links to scripts.egg-info/dependency_links.txt
[0.605s] writing top-level names to scripts.egg-info/top_level.txt
[0.607s] running egg_info
[0.608s] writing udemy_ros2_pkg.egg-info/PKG-INFO
[0.609s] writing dependency_links to udemy_ros2_pkg.egg-info/dependency_links.txt
[0.609s] writing top-level names to udemy_ros2_pkg.egg-info/top_level.txt
[0.609s] reading manifest file 'scripts.egg-info/SOURCES.txt'
[0.610s] writing manifest file 'scripts.egg-info/SOURCES.txt'
[0.613s] reading manifest file 'udemy_ros2_pkg.egg-info/SOURCES.txt'
[0.614s] writing manifest file 'udemy_ros2_pkg.egg-info/SOURCES.txt'
[0.654s] [100%] Built target ament_cmake_python_build_scripts_egg
[0.656s] [100%] Built target ament_cmake_python_build_udemy_ros2_pkg_egg
[0.665s] Invoked command in '/home/shivans/Workspaces/ros2_py_ws/build/udemy_ros2_pkg' returned '0': CMAKE_PREFIX_PATH=/opt/ros/humble /usr/bin/cmake --build /home/shivans/Workspaces/ros2_py_ws/build/udemy_ros2_pkg -- -j8 -l8
[0.779s] Invoking command in '/home/shivans/Workspaces/ros2_py_ws/build/udemy_ros2_pkg': CMAKE_PREFIX_PATH=/opt/ros/humble /usr/bin/cmake --install /home/shivans/Workspaces/ros2_py_ws/build/udemy_ros2_pkg
[0.793s] -- Install configuration: ""
[0.795s] -- Execute custom install script
[0.796s] -- Up-to-date symlink: /home/shivans/Workspaces/ros2_py_ws/install/udemy_ros2_pkg/share/ament_index/resource_index/rosidl_interfaces/udemy_ros2_pkg
[0.797s] -- Up-to-date symlink: /home/shivans/Workspaces/ros2_py_ws/install/udemy_ros2_pkg/include/udemy_ros2_pkg/udemy_ros2_pkg/action/detail/navigate__functions.h
[0.797s] -- Up-to-date symlink: /home/shivans/Workspaces/ros2_py_ws/install/udemy_ros2_pkg/include/udemy_ros2_pkg/udemy_ros2_pkg/action/detail/navigate__struct.h
[0.797s] -- Up-to-date symlink: /home/shivans/Workspaces/ros2_py_ws/install/udemy_ros2_pkg/include/udemy_ros2_pkg/udemy_ros2_pkg/action/detail/navigate__type_support.h
[0.797s] -- Up-to-date symlink: /home/shivans/Workspaces/ros2_py_ws/install/udemy_ros2_pkg/include/udemy_ros2_pkg/udemy_ros2_pkg/action/navigate.h
[0.797s] -- Up-to-date symlink: /home/shivans/Workspaces/ros2_py_ws/install/udemy_ros2_pkg/include/udemy_ros2_pkg/udemy_ros2_pkg/msg/rosidl_generator_c__visibility_control.h
[0.797s] -- Up-to-date symlink: /home/shivans/Workspaces/ros2_py_ws/install/udemy_ros2_pkg/include/udemy_ros2_pkg/udemy_ros2_pkg/srv/detail/odd_even_check__functions.h
[0.798s] -- Up-to-date symlink: /home/shivans/Workspaces/ros2_py_ws/install/udemy_ros2_pkg/include/udemy_ros2_pkg/udemy_ros2_pkg/srv/detail/odd_even_check__struct.h
[0.798s] -- Up-to-date symlink: /home/shivans/Workspaces/ros2_py_ws/install/udemy_ros2_pkg/include/udemy_ros2_pkg/udemy_ros2_pkg/srv/detail/odd_even_check__type_support.h
[0.798s] -- Up-to-date symlink: /home/shivans/Workspaces/ros2_py_ws/install/udemy_ros2_pkg/include/udemy_ros2_pkg/udemy_ros2_pkg/srv/detail/turn_camera__functions.h
[0.798s] -- Up-to-date symlink: /home/shivans/Workspaces/ros2_py_ws/install/udemy_ros2_pkg/include/udemy_ros2_pkg/udemy_ros2_pkg/srv/detail/turn_camera__struct.h
[0.798s] -- Up-to-date symlink: /home/shivans/Workspaces/ros2_py_ws/install/udemy_ros2_pkg/include/udemy_ros2_pkg/udemy_ros2_pkg/srv/detail/turn_camera__type_support.h
[0.798s] -- Up-to-date symlink: /home/shivans/Workspaces/ros2_py_ws/install/udemy_ros2_pkg/include/udemy_ros2_pkg/udemy_ros2_pkg/srv/odd_even_check.h
[0.799s] -- Up-to-date symlink: /home/shivans/Workspaces/ros2_py_ws/install/udemy_ros2_pkg/include/udemy_ros2_pkg/udemy_ros2_pkg/srv/turn_camera.h
[0.799s] -- Up-to-date symlink: /home/shivans/Workspaces/ros2_py_ws/install/udemy_ros2_pkg/share/udemy_ros2_pkg/environment/library_path.sh
[0.799s] -- Up-to-date symlink: /home/shivans/Workspaces/ros2_py_ws/install/udemy_ros2_pkg/share/udemy_ros2_pkg/environment/library_path.dsv
[0.800s] -- Up-to-date symlink: /home/shivans/Workspaces/ros2_py_ws/install/udemy_ros2_pkg/include/udemy_ros2_pkg/udemy_ros2_pkg/action/detail/navigate__rosidl_typesupport_fastrtps_c.h
[0.800s] -- Up-to-date symlink: /home/shivans/Workspaces/ros2_py_ws/install/udemy_ros2_pkg/include/udemy_ros2_pkg/udemy_ros2_pkg/msg/rosidl_typesupport_fastrtps_c__visibility_control.h
[0.801s] -- Up-to-date symlink: /home/shivans/Workspaces/ros2_py_ws/install/udemy_ros2_pkg/include/udemy_ros2_pkg/udemy_ros2_pkg/srv/detail/odd_even_check__rosidl_typesupport_fastrtps_c.h
[0.801s] -- Up-to-date symlink: /home/shivans/Workspaces/ros2_py_ws/install/udemy_ros2_pkg/include/udemy_ros2_pkg/udemy_ros2_pkg/srv/detail/turn_camera__rosidl_typesupport_fastrtps_c.h
[0.801s] -- Up-to-date symlink: /home/shivans/Workspaces/ros2_py_ws/install/udemy_ros2_pkg/include/udemy_ros2_pkg/udemy_ros2_pkg/action/detail/navigate__rosidl_typesupport_introspection_c.h
[0.802s] -- Up-to-date symlink: /home/shivans/Workspaces/ros2_py_ws/install/udemy_ros2_pkg/include/udemy_ros2_pkg/udemy_ros2_pkg/msg/rosidl_typesupport_introspection_c__visibility_control.h
[0.802s] -- Up-to-date symlink: /home/shivans/Workspaces/ros2_py_ws/install/udemy_ros2_pkg/include/udemy_ros2_pkg/udemy_ros2_pkg/srv/detail/odd_even_check__rosidl_typesupport_introspection_c.h
[0.802s] -- Up-to-date symlink: /home/shivans/Workspaces/ros2_py_ws/install/udemy_ros2_pkg/include/udemy_ros2_pkg/udemy_ros2_pkg/srv/detail/turn_camera__rosidl_typesupport_introspection_c.h
[0.802s] -- Up-to-date symlink: /home/shivans/Workspaces/ros2_py_ws/install/udemy_ros2_pkg/include/udemy_ros2_pkg/udemy_ros2_pkg/action/detail/navigate__builder.hpp
[0.802s] -- Up-to-date symlink: /home/shivans/Workspaces/ros2_py_ws/install/udemy_ros2_pkg/include/udemy_ros2_pkg/udemy_ros2_pkg/action/detail/navigate__struct.hpp
[0.802s] -- Up-to-date symlink: /home/shivans/Workspaces/ros2_py_ws/install/udemy_ros2_pkg/include/udemy_ros2_pkg/udemy_ros2_pkg/action/detail/navigate__traits.hpp
[0.802s] -- Up-to-date symlink: /home/shivans/Workspaces/ros2_py_ws/install/udemy_ros2_pkg/include/udemy_ros2_pkg/udemy_ros2_pkg/action/navigate.hpp
[0.802s] -- Up-to-date symlink: /home/shivans/Workspaces/ros2_py_ws/install/udemy_ros2_pkg/include/udemy_ros2_pkg/udemy_ros2_pkg/srv/detail/odd_even_check__builder.hpp
[0.803s] -- Up-to-date symlink: /home/shivans/Workspaces/ros2_py_ws/install/udemy_ros2_pkg/include/udemy_ros2_pkg/udemy_ros2_pkg/srv/detail/odd_even_check__struct.hpp
[0.803s] -- Up-to-date symlink: /home/shivans/Workspaces/ros2_py_ws/install/udemy_ros2_pkg/include/udemy_ros2_pkg/udemy_ros2_pkg/srv/detail/odd_even_check__traits.hpp
[0.803s] -- Up-to-date symlink: /home/shivans/Workspaces/ros2_py_ws/install/udemy_ros2_pkg/include/udemy_ros2_pkg/udemy_ros2_pkg/srv/detail/turn_camera__builder.hpp
[0.803s] -- Up-to-date symlink: /home/shivans/Workspaces/ros2_py_ws/install/udemy_ros2_pkg/include/udemy_ros2_pkg/udemy_ros2_pkg/srv/detail/turn_camera__struct.hpp
[0.803s] -- Up-to-date symlink: /home/shivans/Workspaces/ros2_py_ws/install/udemy_ros2_pkg/include/udemy_ros2_pkg/udemy_ros2_pkg/srv/detail/turn_camera__traits.hpp
[0.803s] -- Up-to-date symlink: /home/shivans/Workspaces/ros2_py_ws/install/udemy_ros2_pkg/include/udemy_ros2_pkg/udemy_ros2_pkg/srv/odd_even_check.hpp
[0.803s] -- Up-to-date symlink: /home/shivans/Workspaces/ros2_py_ws/install/udemy_ros2_pkg/include/udemy_ros2_pkg/udemy_ros2_pkg/srv/turn_camera.hpp
[0.804s] -- Up-to-date symlink: /home/shivans/Workspaces/ros2_py_ws/install/udemy_ros2_pkg/include/udemy_ros2_pkg/udemy_ros2_pkg/action/detail/navigate__rosidl_typesupport_fastrtps_cpp.hpp
[0.804s] -- Up-to-date symlink: /home/shivans/Workspaces/ros2_py_ws/install/udemy_ros2_pkg/include/udemy_ros2_pkg/udemy_ros2_pkg/msg/rosidl_typesupport_fastrtps_cpp__visibility_control.h
[0.804s] -- Up-to-date symlink: /home/shivans/Workspaces/ros2_py_ws/install/udemy_ros2_pkg/include/udemy_ros2_pkg/udemy_ros2_pkg/srv/detail/odd_even_check__rosidl_typesupport_fastrtps_cpp.hpp
[0.804s] -- Up-to-date symlink: /home/shivans/Workspaces/ros2_py_ws/install/udemy_ros2_pkg/include/udemy_ros2_pkg/udemy_ros2_pkg/srv/detail/turn_camera__rosidl_typesupport_fastrtps_cpp.hpp
[0.805s] -- Up-to-date symlink: /home/shivans/Workspaces/ros2_py_ws/install/udemy_ros2_pkg/include/udemy_ros2_pkg/udemy_ros2_pkg/action/detail/navigate__rosidl_typesupport_introspection_cpp.hpp
[0.805s] -- Up-to-date symlink: /home/shivans/Workspaces/ros2_py_ws/install/udemy_ros2_pkg/include/udemy_ros2_pkg/udemy_ros2_pkg/srv/detail/odd_even_check__rosidl_typesupport_introspection_cpp.hpp
[0.805s] -- Up-to-date symlink: /home/shivans/Workspaces/ros2_py_ws/install/udemy_ros2_pkg/include/udemy_ros2_pkg/udemy_ros2_pkg/srv/detail/turn_camera__rosidl_typesupport_introspection_cpp.hpp
[0.805s] -- Up-to-date symlink: /home/shivans/Workspaces/ros2_py_ws/install/udemy_ros2_pkg/share/udemy_ros2_pkg/environment/pythonpath.sh
[0.805s] -- Up-to-date symlink: /home/shivans/Workspaces/ros2_py_ws/install/udemy_ros2_pkg/share/udemy_ros2_pkg/environment/pythonpath.dsv
[0.805s] -- Up-to-date symlink: /home/shivans/Workspaces/ros2_py_ws/install/udemy_ros2_pkg/local/lib/python3.10/dist-packages/udemy_ros2_pkg-0.0.0-py3.10.egg-info/PKG-INFO
[0.805s] -- Up-to-date symlink: /home/shivans/Workspaces/ros2_py_ws/install/udemy_ros2_pkg/local/lib/python3.10/dist-packages/udemy_ros2_pkg-0.0.0-py3.10.egg-info/SOURCES.txt
[0.805s] -- Up-to-date symlink: /home/shivans/Workspaces/ros2_py_ws/install/udemy_ros2_pkg/local/lib/python3.10/dist-packages/udemy_ros2_pkg-0.0.0-py3.10.egg-info/dependency_links.txt
[0.806s] -- Up-to-date symlink: /home/shivans/Workspaces/ros2_py_ws/install/udemy_ros2_pkg/local/lib/python3.10/dist-packages/udemy_ros2_pkg-0.0.0-py3.10.egg-info/top_level.txt
[0.806s] -- Up-to-date symlink: /home/shivans/Workspaces/ros2_py_ws/install/udemy_ros2_pkg/local/lib/python3.10/dist-packages/udemy_ros2_pkg/__init__.py
[0.806s] -- Up-to-date symlink: /home/shivans/Workspaces/ros2_py_ws/install/udemy_ros2_pkg/local/lib/python3.10/dist-packages/udemy_ros2_pkg/_udemy_ros2_pkg_s.ep.rosidl_typesupport_c.c
[0.806s] -- Up-to-date symlink: /home/shivans/Workspaces/ros2_py_ws/install/udemy_ros2_pkg/local/lib/python3.10/dist-packages/udemy_ros2_pkg/_udemy_ros2_pkg_s.ep.rosidl_typesupport_fastrtps_c.c
[0.807s] -- Up-to-date symlink: /home/shivans/Workspaces/ros2_py_ws/install/udemy_ros2_pkg/local/lib/python3.10/dist-packages/udemy_ros2_pkg/_udemy_ros2_pkg_s.ep.rosidl_typesupport_introspection_c.c
[0.807s] -- Up-to-date symlink: /home/shivans/Workspaces/ros2_py_ws/install/udemy_ros2_pkg/local/lib/python3.10/dist-packages/udemy_ros2_pkg/action/__init__.py
[0.807s] -- Up-to-date symlink: /home/shivans/Workspaces/ros2_py_ws/install/udemy_ros2_pkg/local/lib/python3.10/dist-packages/udemy_ros2_pkg/action/_navigate.py
[0.807s] -- Up-to-date symlink: /home/shivans/Workspaces/ros2_py_ws/install/udemy_ros2_pkg/local/lib/python3.10/dist-packages/udemy_ros2_pkg/action/_navigate_s.c
[0.807s] -- Up-to-date symlink: /home/shivans/Workspaces/ros2_py_ws/install/udemy_ros2_pkg/local/lib/python3.10/dist-packages/udemy_ros2_pkg/libudemy_ros2_pkg__rosidl_generator_py.so
[0.807s] -- Up-to-date symlink: /home/shivans/Workspaces/ros2_py_ws/install/udemy_ros2_pkg/local/lib/python3.10/dist-packages/udemy_ros2_pkg/srv/__init__.py
[0.808s] -- Up-to-date symlink: /home/shivans/Workspaces/ros2_py_ws/install/udemy_ros2_pkg/local/lib/python3.10/dist-packages/udemy_ros2_pkg/srv/_odd_even_check.py
[0.808s] -- Up-to-date symlink: /home/shivans/Workspaces/ros2_py_ws/install/udemy_ros2_pkg/local/lib/python3.10/dist-packages/udemy_ros2_pkg/srv/_odd_even_check_s.c
[0.808s] -- Up-to-date symlink: /home/shivans/Workspaces/ros2_py_ws/install/udemy_ros2_pkg/local/lib/python3.10/dist-packages/udemy_ros2_pkg/srv/_turn_camera.py
[0.808s] -- Up-to-date symlink: /home/shivans/Workspaces/ros2_py_ws/install/udemy_ros2_pkg/local/lib/python3.10/dist-packages/udemy_ros2_pkg/srv/_turn_camera_s.c
[0.808s] -- Up-to-date symlink: /home/shivans/Workspaces/ros2_py_ws/install/udemy_ros2_pkg/local/lib/python3.10/dist-packages/udemy_ros2_pkg/udemy_ros2_pkg_s__rosidl_typesupport_c.cpython-310-x86_64-linux-gnu.so
[0.808s] -- Up-to-date symlink: /home/shivans/Workspaces/ros2_py_ws/install/udemy_ros2_pkg/local/lib/python3.10/dist-packages/udemy_ros2_pkg/udemy_ros2_pkg_s__rosidl_typesupport_fastrtps_c.cpython-310-x86_64-linux-gnu.so
[0.808s] -- Up-to-date symlink: /home/shivans/Workspaces/ros2_py_ws/install/udemy_ros2_pkg/local/lib/python3.10/dist-packages/udemy_ros2_pkg/udemy_ros2_pkg_s__rosidl_typesupport_introspection_c.cpython-310-x86_64-linux-gnu.so
[0.809s] -- Up-to-date symlink: /home/shivans/Workspaces/ros2_py_ws/install/udemy_ros2_pkg/local/lib/python3.10/dist-packages/udemy_ros2_pkg/udemy_ros2_pkg_s__rosidl_typesupport_fastrtps_c.cpython-310-x86_64-linux-gnu.so
[0.809s] -- Up-to-date symlink: /home/shivans/Workspaces/ros2_py_ws/install/udemy_ros2_pkg/local/lib/python3.10/dist-packages/udemy_ros2_pkg/udemy_ros2_pkg_s__rosidl_typesupport_introspection_c.cpython-310-x86_64-linux-gnu.so
[0.809s] -- Up-to-date symlink: /home/shivans/Workspaces/ros2_py_ws/install/udemy_ros2_pkg/local/lib/python3.10/dist-packages/udemy_ros2_pkg/udemy_ros2_pkg_s__rosidl_typesupport_c.cpython-310-x86_64-linux-gnu.so
[0.810s] -- Up-to-date symlink: /home/shivans/Workspaces/ros2_py_ws/install/udemy_ros2_pkg/share/udemy_ros2_pkg/srv/OddEvenCheck.idl
[0.810s] -- Up-to-date symlink: /home/shivans/Workspaces/ros2_py_ws/install/udemy_ros2_pkg/share/udemy_ros2_pkg/srv/TurnCamera.idl
[0.810s] -- Up-to-date symlink: /home/shivans/Workspaces/ros2_py_ws/install/udemy_ros2_pkg/share/udemy_ros2_pkg/action/Navigate.idl
[0.810s] -- Up-to-date symlink: /home/shivans/Workspaces/ros2_py_ws/install/udemy_ros2_pkg/share/udemy_ros2_pkg/srv/OddEvenCheck.srv
[0.810s] -- Up-to-date symlink: /home/shivans/Workspaces/ros2_py_ws/install/udemy_ros2_pkg/share/udemy_ros2_pkg/srv/OddEvenCheck_Request.msg
[0.810s] -- Up-to-date symlink: /home/shivans/Workspaces/ros2_py_ws/install/udemy_ros2_pkg/share/udemy_ros2_pkg/srv/OddEvenCheck_Response.msg
[0.811s] -- Up-to-date symlink: /home/shivans/Workspaces/ros2_py_ws/install/udemy_ros2_pkg/share/udemy_ros2_pkg/srv/TurnCamera.srv
[0.811s] -- Up-to-date symlink: /home/shivans/Workspaces/ros2_py_ws/install/udemy_ros2_pkg/share/udemy_ros2_pkg/srv/TurnCamera_Request.msg
[0.811s] -- Up-to-date symlink: /home/shivans/Workspaces/ros2_py_ws/install/udemy_ros2_pkg/share/udemy_ros2_pkg/srv/TurnCamera_Response.msg
[0.811s] -- Up-to-date symlink: /home/shivans/Workspaces/ros2_py_ws/install/udemy_ros2_pkg/share/udemy_ros2_pkg/action/Navigate.action
[0.811s] -- Up-to-date symlink: /home/shivans/Workspaces/ros2_py_ws/install/udemy_ros2_pkg/local/lib/python3.10/dist-packages/scripts-0.0.0-py3.10.egg-info/PKG-INFO
[0.812s] -- Up-to-date symlink: /home/shivans/Workspaces/ros2_py_ws/install/udemy_ros2_pkg/local/lib/python3.10/dist-packages/scripts-0.0.0-py3.10.egg-info/SOURCES.txt
[0.812s] -- Up-to-date symlink: /home/shivans/Workspaces/ros2_py_ws/install/udemy_ros2_pkg/local/lib/python3.10/dist-packages/scripts-0.0.0-py3.10.egg-info/dependency_links.txt
[0.812s] -- Up-to-date symlink: /home/shivans/Workspaces/ros2_py_ws/install/udemy_ros2_pkg/local/lib/python3.10/dist-packages/scripts-0.0.0-py3.10.egg-info/top_level.txt
[0.812s] -- Up-to-date symlink: /home/shivans/Workspaces/ros2_py_ws/install/udemy_ros2_pkg/local/lib/python3.10/dist-packages/scripts/__init__.py
[0.813s] -- Up-to-date symlink: /home/shivans/Workspaces/ros2_py_ws/install/udemy_ros2_pkg/local/lib/python3.10/dist-packages/scripts/action_client.py
[0.813s] -- Up-to-date symlink: /home/shivans/Workspaces/ros2_py_ws/install/udemy_ros2_pkg/local/lib/python3.10/dist-packages/scripts/action_server.py
[0.813s] -- Up-to-date symlink: /home/shivans/Workspaces/ros2_py_ws/install/udemy_ros2_pkg/local/lib/python3.10/dist-packages/scripts/publisher.py
[0.813s] -- Up-to-date symlink: /home/shivans/Workspaces/ros2_py_ws/install/udemy_ros2_pkg/local/lib/python3.10/dist-packages/scripts/rpm_pub.py
[0.813s] -- Up-to-date symlink: /home/shivans/Workspaces/ros2_py_ws/install/udemy_ros2_pkg/local/lib/python3.10/dist-packages/scripts/service_client.py
[0.813s] -- Up-to-date symlink: /home/shivans/Workspaces/ros2_py_ws/install/udemy_ros2_pkg/local/lib/python3.10/dist-packages/scripts/service_server.py
[0.813s] -- Up-to-date symlink: /home/shivans/Workspaces/ros2_py_ws/install/udemy_ros2_pkg/local/lib/python3.10/dist-packages/scripts/speed_calc.py
[0.813s] -- Up-to-date symlink: /home/shivans/Workspaces/ros2_py_ws/install/udemy_ros2_pkg/local/lib/python3.10/dist-packages/scripts/subscriber.py
[0.814s] -- Up-to-date symlink: /home/shivans/Workspaces/ros2_py_ws/install/udemy_ros2_pkg/local/lib/python3.10/dist-packages/scripts/turn_camera_client.py
[0.814s] -- Up-to-date symlink: /home/shivans/Workspaces/ros2_py_ws/install/udemy_ros2_pkg/local/lib/python3.10/dist-packages/scripts/turn_camera_server.py
[0.814s] -- Up-to-date symlink: /home/shivans/Workspaces/ros2_py_ws/install/udemy_ros2_pkg/lib/udemy_ros2_pkg/publisher.py
[0.814s] -- Up-to-date symlink: /home/shivans/Workspaces/ros2_py_ws/install/udemy_ros2_pkg/lib/udemy_ros2_pkg/subscriber.py
[0.814s] -- Up-to-date symlink: /home/shivans/Workspaces/ros2_py_ws/install/udemy_ros2_pkg/lib/udemy_ros2_pkg/rpm_pub.py
[0.814s] -- Up-to-date symlink: /home/shivans/Workspaces/ros2_py_ws/install/udemy_ros2_pkg/lib/udemy_ros2_pkg/speed_calc.py
[0.814s] -- Up-to-date symlink: /home/shivans/Workspaces/ros2_py_ws/install/udemy_ros2_pkg/lib/udemy_ros2_pkg/service_server.py
[0.815s] -- Up-to-date symlink: /home/shivans/Workspaces/ros2_py_ws/install/udemy_ros2_pkg/lib/udemy_ros2_pkg/service_client.py
[0.815s] -- Up-to-date symlink: /home/shivans/Workspaces/ros2_py_ws/install/udemy_ros2_pkg/lib/udemy_ros2_pkg/turn_camera_server.py
[0.815s] -- Up-to-date symlink: /home/shivans/Workspaces/ros2_py_ws/install/udemy_ros2_pkg/lib/udemy_ros2_pkg/turn_camera_client.py
[0.815s] -- Up-to-date symlink: /home/shivans/Workspaces/ros2_py_ws/install/udemy_ros2_pkg/lib/udemy_ros2_pkg/action_client.py
[0.815s] -- Up-to-date symlink: /home/shivans/Workspaces/ros2_py_ws/install/udemy_ros2_pkg/lib/udemy_ros2_pkg/action_server.py
[0.815s] -- Up-to-date symlink: /home/shivans/Workspaces/ros2_py_ws/install/udemy_ros2_pkg/share/udemy_ros2_pkg//launch/rpm_node.launch.py
[0.815s] -- Up-to-date symlink: /home/shivans/Workspaces/ros2_py_ws/install/udemy_ros2_pkg/share/udemy_ros2_pkg//launch/rpm_speed.launch.py
[0.815s] -- Up-to-date symlink: /home/shivans/Workspaces/ros2_py_ws/install/udemy_ros2_pkg/share/udemy_ros2_pkg//launch/simulation_project_launch..py
[0.816s] -- Symlinking: /home/shivans/Workspaces/ros2_py_ws/install/udemy_ros2_pkg/share/udemy_ros2_pkg//launch/test
[0.829s] -- Up-to-date symlink: /home/shivans/Workspaces/ros2_py_ws/install/udemy_ros2_pkg/share/udemy_ros2_pkg//worlds/simulation_project_world.sdf
[0.830s] -- Up-to-date symlink: /home/shivans/Workspaces/ros2_py_ws/install/udemy_ros2_pkg/share/udemy_ros2_pkg//worlds/test_world.sdf
[0.830s] -- Up-to-date symlink: /home/shivans/Workspaces/ros2_py_ws/install/udemy_ros2_pkg/share/udemy_ros2_pkg//models/ground_plane/model.config
[0.831s] -- Up-to-date symlink: /home/shivans/Workspaces/ros2_py_ws/install/udemy_ros2_pkg/share/udemy_ros2_pkg//models/ground_plane/my_ground_plane.sdf
[0.831s] -- Up-to-date symlink: /home/shivans/Workspaces/ros2_py_ws/install/udemy_ros2_pkg/share/udemy_ros2_pkg//models/project_robot_model/model.config
[0.831s] -- Up-to-date symlink: /home/shivans/Workspaces/ros2_py_ws/install/udemy_ros2_pkg/share/udemy_ros2_pkg//models/project_robot_model/model.sdf
[0.831s] -- Up-to-date symlink: /home/shivans/Workspaces/ros2_py_ws/install/udemy_ros2_pkg/share/ament_index/resource_index/package_run_dependencies/udemy_ros2_pkg
[0.831s] -- Up-to-date symlink: /home/shivans/Workspaces/ros2_py_ws/install/udemy_ros2_pkg/share/ament_index/resource_index/parent_prefix_path/udemy_ros2_pkg
[0.832s] -- Up-to-date symlink: /home/shivans/Workspaces/ros2_py_ws/install/udemy_ros2_pkg/share/udemy_ros2_pkg/environment/ament_prefix_path.sh
[0.832s] -- Up-to-date symlink: /home/shivans/Workspaces/ros2_py_ws/install/udemy_ros2_pkg/share/udemy_ros2_pkg/environment/ament_prefix_path.dsv
[0.832s] -- Up-to-date symlink: /home/shivans/Workspaces/ros2_py_ws/install/udemy_ros2_pkg/share/udemy_ros2_pkg/environment/path.sh
[0.832s] -- Up-to-date symlink: /home/shivans/Workspaces/ros2_py_ws/install/udemy_ros2_pkg/share/udemy_ros2_pkg/environment/path.dsv
[0.832s] -- Up-to-date symlink: /home/shivans/Workspaces/ros2_py_ws/install/udemy_ros2_pkg/share/udemy_ros2_pkg/local_setup.bash
[0.833s] -- Up-to-date symlink: /home/shivans/Workspaces/ros2_py_ws/install/udemy_ros2_pkg/share/udemy_ros2_pkg/local_setup.sh
[0.833s] -- Up-to-date symlink: /home/shivans/Workspaces/ros2_py_ws/install/udemy_ros2_pkg/share/udemy_ros2_pkg/local_setup.zsh
[0.833s] -- Up-to-date symlink: /home/shivans/Workspaces/ros2_py_ws/install/udemy_ros2_pkg/share/udemy_ros2_pkg/local_setup.dsv
[0.833s] -- Symlinking: /home/shivans/Workspaces/ros2_py_ws/install/udemy_ros2_pkg/share/udemy_ros2_pkg/package.dsv
[0.846s] -- Up-to-date symlink: /home/shivans/Workspaces/ros2_py_ws/install/udemy_ros2_pkg/share/ament_index/resource_index/packages/udemy_ros2_pkg
[0.846s] -- Up-to-date symlink: /home/shivans/Workspaces/ros2_py_ws/install/udemy_ros2_pkg/share/udemy_ros2_pkg/cmake/rosidl_cmake-extras.cmake
[0.847s] -- Up-to-date symlink: /home/shivans/Workspaces/ros2_py_ws/install/udemy_ros2_pkg/share/udemy_ros2_pkg/cmake/ament_cmake_export_dependencies-extras.cmake
[0.847s] -- Up-to-date symlink: /home/shivans/Workspaces/ros2_py_ws/install/udemy_ros2_pkg/share/udemy_ros2_pkg/cmake/ament_cmake_export_include_directories-extras.cmake
[0.847s] -- Up-to-date symlink: /home/shivans/Workspaces/ros2_py_ws/install/udemy_ros2_pkg/share/udemy_ros2_pkg/cmake/ament_cmake_export_libraries-extras.cmake
[0.847s] -- Up-to-date symlink: /home/shivans/Workspaces/ros2_py_ws/install/udemy_ros2_pkg/share/udemy_ros2_pkg/cmake/ament_cmake_export_targets-extras.cmake
[0.847s] -- Up-to-date symlink: /home/shivans/Workspaces/ros2_py_ws/install/udemy_ros2_pkg/share/udemy_ros2_pkg/cmake/rosidl_cmake_export_typesupport_targets-extras.cmake
[0.847s] -- Up-to-date symlink: /home/shivans/Workspaces/ros2_py_ws/install/udemy_ros2_pkg/share/udemy_ros2_pkg/cmake/rosidl_cmake_export_typesupport_libraries-extras.cmake
[0.848s] -- Up-to-date symlink: /home/shivans/Workspaces/ros2_py_ws/install/udemy_ros2_pkg/share/udemy_ros2_pkg/cmake/udemy_ros2_pkgConfig.cmake
[0.848s] -- Up-to-date symlink: /home/shivans/Workspaces/ros2_py_ws/install/udemy_ros2_pkg/share/udemy_ros2_pkg/cmake/udemy_ros2_pkgConfig-version.cmake
[0.848s] -- Up-to-date symlink: /home/shivans/Workspaces/ros2_py_ws/install/udemy_ros2_pkg/share/udemy_ros2_pkg/package.xml
[0.849s] -- Up-to-date: /home/shivans/Workspaces/ros2_py_ws/install/udemy_ros2_pkg/lib/libudemy_ros2_pkg__rosidl_generator_c.so
[0.850s] -- Up-to-date: /home/shivans/Workspaces/ros2_py_ws/install/udemy_ros2_pkg/lib/libudemy_ros2_pkg__rosidl_typesupport_fastrtps_c.so
[0.851s] -- Up-to-date: /home/shivans/Workspaces/ros2_py_ws/install/udemy_ros2_pkg/lib/libudemy_ros2_pkg__rosidl_typesupport_introspection_c.so
[0.851s] -- Up-to-date: /home/shivans/Workspaces/ros2_py_ws/install/udemy_ros2_pkg/lib/libudemy_ros2_pkg__rosidl_typesupport_c.so
[0.852s] -- Up-to-date: /home/shivans/Workspaces/ros2_py_ws/install/udemy_ros2_pkg/lib/libudemy_ros2_pkg__rosidl_typesupport_fastrtps_cpp.so
[0.852s] -- Up-to-date: /home/shivans/Workspaces/ros2_py_ws/install/udemy_ros2_pkg/lib/libudemy_ros2_pkg__rosidl_typesupport_introspection_cpp.so
[0.853s] -- Up-to-date: /home/shivans/Workspaces/ros2_py_ws/install/udemy_ros2_pkg/lib/libudemy_ros2_pkg__rosidl_typesupport_cpp.so
[0.884s] Listing '/home/shivans/Workspaces/ros2_py_ws/install/udemy_ros2_pkg/local/lib/python3.10/dist-packages/udemy_ros2_pkg'...
[0.884s] Listing '/home/shivans/Workspaces/ros2_py_ws/install/udemy_ros2_pkg/local/lib/python3.10/dist-packages/udemy_ros2_pkg/action'...
[0.885s] Listing '/home/shivans/Workspaces/ros2_py_ws/install/udemy_ros2_pkg/local/lib/python3.10/dist-packages/udemy_ros2_pkg/srv'...
[0.889s] -- Up-to-date: /home/shivans/Workspaces/ros2_py_ws/install/udemy_ros2_pkg/lib/libudemy_ros2_pkg__rosidl_generator_py.so
[0.924s] Listing '/home/shivans/Workspaces/ros2_py_ws/install/udemy_ros2_pkg/local/lib/python3.10/dist-packages/scripts'...
[0.931s] -- Up-to-date: /home/shivans/Workspaces/ros2_py_ws/install/udemy_ros2_pkg/share/udemy_ros2_pkg/cmake/export_udemy_ros2_pkg__rosidl_generator_cExport.cmake
[0.931s] -- Up-to-date: /home/shivans/Workspaces/ros2_py_ws/install/udemy_ros2_pkg/share/udemy_ros2_pkg/cmake/export_udemy_ros2_pkg__rosidl_generator_cExport-noconfig.cmake
[0.931s] -- Up-to-date: /home/shivans/Workspaces/ros2_py_ws/install/udemy_ros2_pkg/share/udemy_ros2_pkg/cmake/export_udemy_ros2_pkg__rosidl_typesupport_fastrtps_cExport.cmake
[0.932s] -- Up-to-date: /home/shivans/Workspaces/ros2_py_ws/install/udemy_ros2_pkg/share/udemy_ros2_pkg/cmake/export_udemy_ros2_pkg__rosidl_typesupport_fastrtps_cExport-noconfig.cmake
[0.932s] -- Up-to-date: /home/shivans/Workspaces/ros2_py_ws/install/udemy_ros2_pkg/share/udemy_ros2_pkg/cmake/udemy_ros2_pkg__rosidl_typesupport_introspection_cExport.cmake
[0.932s] -- Up-to-date: /home/shivans/Workspaces/ros2_py_ws/install/udemy_ros2_pkg/share/udemy_ros2_pkg/cmake/udemy_ros2_pkg__rosidl_typesupport_introspection_cExport-noconfig.cmake
[0.932s] -- Up-to-date: /home/shivans/Workspaces/ros2_py_ws/install/udemy_ros2_pkg/share/udemy_ros2_pkg/cmake/udemy_ros2_pkg__rosidl_typesupport_cExport.cmake
[0.932s] -- Up-to-date: /home/shivans/Workspaces/ros2_py_ws/install/udemy_ros2_pkg/share/udemy_ros2_pkg/cmake/udemy_ros2_pkg__rosidl_typesupport_cExport-noconfig.cmake
[0.933s] -- Up-to-date: /home/shivans/Workspaces/ros2_py_ws/install/udemy_ros2_pkg/share/udemy_ros2_pkg/cmake/export_udemy_ros2_pkg__rosidl_generator_cppExport.cmake
[0.934s] -- Up-to-date: /home/shivans/Workspaces/ros2_py_ws/install/udemy_ros2_pkg/share/udemy_ros2_pkg/cmake/export_udemy_ros2_pkg__rosidl_typesupport_fastrtps_cppExport.cmake
[0.934s] -- Up-to-date: /home/shivans/Workspaces/ros2_py_ws/install/udemy_ros2_pkg/share/udemy_ros2_pkg/cmake/export_udemy_ros2_pkg__rosidl_typesupport_fastrtps_cppExport-noconfig.cmake
[0.934s] -- Up-to-date: /home/shivans/Workspaces/ros2_py_ws/install/udemy_ros2_pkg/share/udemy_ros2_pkg/cmake/udemy_ros2_pkg__rosidl_typesupport_introspection_cppExport.cmake
[0.934s] -- Up-to-date: /home/shivans/Workspaces/ros2_py_ws/install/udemy_ros2_pkg/share/udemy_ros2_pkg/cmake/udemy_ros2_pkg__rosidl_typesupport_introspection_cppExport-noconfig.cmake
[0.935s] -- Up-to-date: /home/shivans/Workspaces/ros2_py_ws/install/udemy_ros2_pkg/share/udemy_ros2_pkg/cmake/udemy_ros2_pkg__rosidl_typesupport_cppExport.cmake
[0.935s] -- Up-to-date: /home/shivans/Workspaces/ros2_py_ws/install/udemy_ros2_pkg/share/udemy_ros2_pkg/cmake/udemy_ros2_pkg__rosidl_typesupport_cppExport-noconfig.cmake
[0.936s] -- Up-to-date: /home/shivans/Workspaces/ros2_py_ws/install/udemy_ros2_pkg/share/udemy_ros2_pkg/cmake/export_udemy_ros2_pkg__rosidl_generator_pyExport.cmake
[0.936s] -- Up-to-date: /home/shivans/Workspaces/ros2_py_ws/install/udemy_ros2_pkg/share/udemy_ros2_pkg/cmake/export_udemy_ros2_pkg__rosidl_generator_pyExport-noconfig.cmake
[0.942s] Invoked command in '/home/shivans/Workspaces/ros2_py_ws/build/udemy_ros2_pkg' returned '0': CMAKE_PREFIX_PATH=/opt/ros/humble /usr/bin/cmake --install /home/shivans/Workspaces/ros2_py_ws/build/udemy_ros2_pkg
